{"/Users/yukiosaki/Documents/Personal/packman/src/test/test.ts":{"path":"/Users/yukiosaki/Documents/Personal/packman/src/test/test.ts","statementMap":{"0":{"start":{"line":2,"column":0},"end":{"line":2,"column":62}},"1":{"start":{"line":3,"column":0},"end":{"line":3,"column":17}},"2":{"start":{"line":4,"column":13},"end":{"line":4,"column":28}},"3":{"start":{"line":5,"column":13},"end":{"line":5,"column":28}},"4":{"start":{"line":6,"column":13},"end":{"line":6,"column":42}},"5":{"start":{"line":7,"column":19},"end":{"line":7,"column":59}},"6":{"start":{"line":8,"column":17},"end":{"line":8,"column":59}},"7":{"start":{"line":9,"column":16},"end":{"line":9,"column":36}},"8":{"start":{"line":10,"column":14},"end":{"line":10,"column":38}},"9":{"start":{"line":11,"column":24},"end":{"line":11,"column":89}},"10":{"start":{"line":12,"column":0},"end":{"line":34,"column":3}},"11":{"start":{"line":13,"column":4},"end":{"line":33,"column":7}},"12":{"start":{"line":14,"column":23},"end":{"line":18,"column":9}},"13":{"start":{"line":19,"column":22},"end":{"line":19,"column":45}},"14":{"start":{"line":20,"column":19},"end":{"line":20,"column":44}},"15":{"start":{"line":21,"column":8},"end":{"line":21,"column":27}},"16":{"start":{"line":22,"column":21},"end":{"line":22,"column":78}},"17":{"start":{"line":23,"column":20},"end":{"line":23,"column":76}},"18":{"start":{"line":24,"column":35},"end":{"line":24,"column":67}},"19":{"start":{"line":25,"column":8},"end":{"line":25,"column":30}},"20":{"start":{"line":26,"column":8},"end":{"line":26,"column":77}},"21":{"start":{"line":27,"column":8},"end":{"line":27,"column":29}},"22":{"start":{"line":28,"column":8},"end":{"line":28,"column":72}},"23":{"start":{"line":29,"column":8},"end":{"line":29,"column":58}},"24":{"start":{"line":30,"column":19},"end":{"line":30,"column":49}},"25":{"start":{"line":31,"column":8},"end":{"line":31,"column":47}},"26":{"start":{"line":32,"column":8},"end":{"line":32,"column":60}},"27":{"start":{"line":35,"column":0},"end":{"line":51,"column":3}},"28":{"start":{"line":36,"column":4},"end":{"line":50,"column":7}},"29":{"start":{"line":37,"column":23},"end":{"line":41,"column":9}},"30":{"start":{"line":42,"column":22},"end":{"line":42,"column":45}},"31":{"start":{"line":43,"column":19},"end":{"line":43,"column":44}},"32":{"start":{"line":44,"column":8},"end":{"line":44,"column":27}},"33":{"start":{"line":45,"column":28},"end":{"line":45,"column":85}},"34":{"start":{"line":46,"column":21},"end":{"line":46,"column":34}},"35":{"start":{"line":47,"column":8},"end":{"line":47,"column":30}},"36":{"start":{"line":48,"column":8},"end":{"line":48,"column":77}},"37":{"start":{"line":49,"column":8},"end":{"line":49,"column":64}},"38":{"start":{"line":52,"column":0},"end":{"line":69,"column":3}},"39":{"start":{"line":53,"column":4},"end":{"line":68,"column":7}},"40":{"start":{"line":54,"column":23},"end":{"line":58,"column":9}},"41":{"start":{"line":59,"column":22},"end":{"line":59,"column":45}},"42":{"start":{"line":60,"column":19},"end":{"line":60,"column":44}},"43":{"start":{"line":61,"column":8},"end":{"line":61,"column":27}},"44":{"start":{"line":62,"column":28},"end":{"line":62,"column":85}},"45":{"start":{"line":63,"column":21},"end":{"line":63,"column":34}},"46":{"start":{"line":64,"column":8},"end":{"line":64,"column":30}},"47":{"start":{"line":65,"column":8},"end":{"line":65,"column":77}},"48":{"start":{"line":66,"column":23},"end":{"line":66,"column":77}},"49":{"start":{"line":67,"column":8},"end":{"line":67,"column":100}},"50":{"start":{"line":70,"column":0},"end":{"line":87,"column":3}},"51":{"start":{"line":71,"column":4},"end":{"line":86,"column":7}},"52":{"start":{"line":72,"column":23},"end":{"line":76,"column":9}},"53":{"start":{"line":77,"column":22},"end":{"line":77,"column":45}},"54":{"start":{"line":78,"column":19},"end":{"line":78,"column":44}},"55":{"start":{"line":79,"column":8},"end":{"line":79,"column":27}},"56":{"start":{"line":80,"column":28},"end":{"line":80,"column":85}},"57":{"start":{"line":81,"column":21},"end":{"line":81,"column":34}},"58":{"start":{"line":82,"column":8},"end":{"line":82,"column":30}},"59":{"start":{"line":83,"column":8},"end":{"line":83,"column":77}},"60":{"start":{"line":84,"column":23},"end":{"line":84,"column":74}},"61":{"start":{"line":85,"column":8},"end":{"line":85,"column":97}},"62":{"start":{"line":88,"column":0},"end":{"line":121,"column":3}},"63":{"start":{"line":89,"column":4},"end":{"line":104,"column":7}},"64":{"start":{"line":90,"column":23},"end":{"line":94,"column":9}},"65":{"start":{"line":95,"column":22},"end":{"line":95,"column":45}},"66":{"start":{"line":96,"column":19},"end":{"line":96,"column":44}},"67":{"start":{"line":97,"column":8},"end":{"line":97,"column":27}},"68":{"start":{"line":98,"column":28},"end":{"line":98,"column":85}},"69":{"start":{"line":99,"column":21},"end":{"line":99,"column":34}},"70":{"start":{"line":100,"column":8},"end":{"line":100,"column":30}},"71":{"start":{"line":101,"column":8},"end":{"line":101,"column":77}},"72":{"start":{"line":102,"column":23},"end":{"line":102,"column":81}},"73":{"start":{"line":103,"column":8},"end":{"line":103,"column":61}},"74":{"start":{"line":105,"column":4},"end":{"line":120,"column":7}},"75":{"start":{"line":106,"column":23},"end":{"line":110,"column":9}},"76":{"start":{"line":111,"column":22},"end":{"line":111,"column":45}},"77":{"start":{"line":112,"column":19},"end":{"line":112,"column":44}},"78":{"start":{"line":113,"column":8},"end":{"line":113,"column":27}},"79":{"start":{"line":114,"column":28},"end":{"line":114,"column":85}},"80":{"start":{"line":115,"column":21},"end":{"line":115,"column":34}},"81":{"start":{"line":116,"column":8},"end":{"line":116,"column":30}},"82":{"start":{"line":117,"column":8},"end":{"line":117,"column":77}},"83":{"start":{"line":118,"column":23},"end":{"line":118,"column":78}},"84":{"start":{"line":119,"column":8},"end":{"line":119,"column":61}},"85":{"start":{"line":122,"column":0},"end":{"line":139,"column":3}},"86":{"start":{"line":123,"column":4},"end":{"line":138,"column":7}},"87":{"start":{"line":124,"column":23},"end":{"line":128,"column":9}},"88":{"start":{"line":129,"column":22},"end":{"line":129,"column":45}},"89":{"start":{"line":130,"column":19},"end":{"line":130,"column":44}},"90":{"start":{"line":131,"column":8},"end":{"line":131,"column":27}},"91":{"start":{"line":132,"column":28},"end":{"line":132,"column":85}},"92":{"start":{"line":133,"column":21},"end":{"line":133,"column":34}},"93":{"start":{"line":134,"column":8},"end":{"line":134,"column":30}},"94":{"start":{"line":135,"column":8},"end":{"line":135,"column":77}},"95":{"start":{"line":136,"column":23},"end":{"line":136,"column":74}},"96":{"start":{"line":137,"column":8},"end":{"line":137,"column":97}},"97":{"start":{"line":140,"column":0},"end":{"line":159,"column":3}},"98":{"start":{"line":141,"column":4},"end":{"line":158,"column":7}},"99":{"start":{"line":142,"column":23},"end":{"line":146,"column":9}},"100":{"start":{"line":147,"column":22},"end":{"line":147,"column":45}},"101":{"start":{"line":148,"column":19},"end":{"line":148,"column":44}},"102":{"start":{"line":149,"column":8},"end":{"line":149,"column":27}},"103":{"start":{"line":150,"column":28},"end":{"line":150,"column":85}},"104":{"start":{"line":151,"column":21},"end":{"line":151,"column":34}},"105":{"start":{"line":152,"column":8},"end":{"line":152,"column":30}},"106":{"start":{"line":153,"column":8},"end":{"line":153,"column":77}},"107":{"start":{"line":154,"column":23},"end":{"line":154,"column":74}},"108":{"start":{"line":155,"column":8},"end":{"line":155,"column":65}},"109":{"start":{"line":156,"column":8},"end":{"line":156,"column":73}},"110":{"start":{"line":157,"column":8},"end":{"line":157,"column":66}},"111":{"start":{"line":160,"column":0},"end":{"line":184,"column":3}},"112":{"start":{"line":161,"column":4},"end":{"line":183,"column":7}},"113":{"start":{"line":162,"column":23},"end":{"line":166,"column":9}},"114":{"start":{"line":167,"column":22},"end":{"line":167,"column":45}},"115":{"start":{"line":168,"column":19},"end":{"line":168,"column":44}},"116":{"start":{"line":169,"column":8},"end":{"line":169,"column":27}},"117":{"start":{"line":170,"column":28},"end":{"line":170,"column":85}},"118":{"start":{"line":171,"column":21},"end":{"line":171,"column":34}},"119":{"start":{"line":172,"column":19},"end":{"line":172,"column":45}},"120":{"start":{"line":173,"column":24},"end":{"line":173,"column":28}},"121":{"start":{"line":174,"column":8},"end":{"line":174,"column":33}},"122":{"start":{"line":175,"column":8},"end":{"line":175,"column":79}},"123":{"start":{"line":176,"column":8},"end":{"line":176,"column":30}},"124":{"start":{"line":177,"column":8},"end":{"line":177,"column":77}},"125":{"start":{"line":178,"column":30},"end":{"line":178,"column":114}},"126":{"start":{"line":179,"column":23},"end":{"line":179,"column":79}},"127":{"start":{"line":180,"column":8},"end":{"line":180,"column":61}},"128":{"start":{"line":181,"column":8},"end":{"line":181,"column":73}},"129":{"start":{"line":182,"column":8},"end":{"line":182,"column":37}},"130":{"start":{"line":185,"column":0},"end":{"line":212,"column":3}},"131":{"start":{"line":186,"column":4},"end":{"line":211,"column":7}},"132":{"start":{"line":187,"column":23},"end":{"line":191,"column":9}},"133":{"start":{"line":192,"column":22},"end":{"line":192,"column":45}},"134":{"start":{"line":193,"column":19},"end":{"line":193,"column":44}},"135":{"start":{"line":194,"column":8},"end":{"line":194,"column":27}},"136":{"start":{"line":195,"column":28},"end":{"line":195,"column":85}},"137":{"start":{"line":196,"column":21},"end":{"line":196,"column":34}},"138":{"start":{"line":197,"column":8},"end":{"line":197,"column":30}},"139":{"start":{"line":198,"column":8},"end":{"line":198,"column":77}},"140":{"start":{"line":199,"column":23},"end":{"line":199,"column":74}},"141":{"start":{"line":200,"column":8},"end":{"line":200,"column":61}},"142":{"start":{"line":201,"column":8},"end":{"line":201,"column":75}},"143":{"start":{"line":202,"column":8},"end":{"line":202,"column":30}},"144":{"start":{"line":203,"column":8},"end":{"line":203,"column":37}},"145":{"start":{"line":204,"column":8},"end":{"line":204,"column":57}},"146":{"start":{"line":205,"column":8},"end":{"line":205,"column":97}},"147":{"start":{"line":206,"column":8},"end":{"line":206,"column":74}},"148":{"start":{"line":207,"column":8},"end":{"line":207,"column":70}},"149":{"start":{"line":208,"column":8},"end":{"line":208,"column":22}},"150":{"start":{"line":209,"column":8},"end":{"line":209,"column":29}},"151":{"start":{"line":210,"column":8},"end":{"line":210,"column":37}},"152":{"start":{"line":213,"column":0},"end":{"line":238,"column":3}},"153":{"start":{"line":214,"column":4},"end":{"line":237,"column":7}},"154":{"start":{"line":215,"column":23},"end":{"line":219,"column":9}},"155":{"start":{"line":220,"column":22},"end":{"line":220,"column":45}},"156":{"start":{"line":221,"column":19},"end":{"line":221,"column":44}},"157":{"start":{"line":222,"column":8},"end":{"line":222,"column":27}},"158":{"start":{"line":223,"column":27},"end":{"line":223,"column":83}},"159":{"start":{"line":224,"column":20},"end":{"line":224,"column":32}},"160":{"start":{"line":225,"column":8},"end":{"line":225,"column":29}},"161":{"start":{"line":226,"column":8},"end":{"line":226,"column":75}},"162":{"start":{"line":227,"column":23},"end":{"line":227,"column":75}},"163":{"start":{"line":228,"column":8},"end":{"line":228,"column":30}},"164":{"start":{"line":229,"column":8},"end":{"line":229,"column":37}},"165":{"start":{"line":230,"column":35},"end":{"line":230,"column":67}},"166":{"start":{"line":231,"column":8},"end":{"line":231,"column":98}},"167":{"start":{"line":232,"column":19},"end":{"line":232,"column":49}},"168":{"start":{"line":233,"column":8},"end":{"line":233,"column":50}},"169":{"start":{"line":234,"column":8},"end":{"line":234,"column":35}},"170":{"start":{"line":235,"column":8},"end":{"line":235,"column":29}},"171":{"start":{"line":236,"column":8},"end":{"line":236,"column":37}}},"fnMap":{"0":{"name":"(anonymous_0)","decl":{"start":{"line":12,"column":25},"end":{"line":12,"column":26}},"loc":{"start":{"line":12,"column":37},"end":{"line":34,"column":1}},"line":12},"1":{"name":"(anonymous_1)","decl":{"start":{"line":13,"column":29},"end":{"line":13,"column":30}},"loc":{"start":{"line":13,"column":41},"end":{"line":33,"column":5}},"line":13},"2":{"name":"(anonymous_2)","decl":{"start":{"line":35,"column":39},"end":{"line":35,"column":40}},"loc":{"start":{"line":35,"column":51},"end":{"line":51,"column":1}},"line":35},"3":{"name":"(anonymous_3)","decl":{"start":{"line":36,"column":27},"end":{"line":36,"column":28}},"loc":{"start":{"line":36,"column":39},"end":{"line":50,"column":5}},"line":36},"4":{"name":"(anonymous_4)","decl":{"start":{"line":52,"column":39},"end":{"line":52,"column":40}},"loc":{"start":{"line":52,"column":51},"end":{"line":69,"column":1}},"line":52},"5":{"name":"(anonymous_5)","decl":{"start":{"line":53,"column":28},"end":{"line":53,"column":29}},"loc":{"start":{"line":53,"column":40},"end":{"line":68,"column":5}},"line":53},"6":{"name":"(anonymous_6)","decl":{"start":{"line":70,"column":44},"end":{"line":70,"column":45}},"loc":{"start":{"line":70,"column":56},"end":{"line":87,"column":1}},"line":70},"7":{"name":"(anonymous_7)","decl":{"start":{"line":71,"column":30},"end":{"line":71,"column":31}},"loc":{"start":{"line":71,"column":42},"end":{"line":86,"column":5}},"line":71},"8":{"name":"(anonymous_8)","decl":{"start":{"line":88,"column":30},"end":{"line":88,"column":31}},"loc":{"start":{"line":88,"column":42},"end":{"line":121,"column":1}},"line":88},"9":{"name":"(anonymous_9)","decl":{"start":{"line":89,"column":34},"end":{"line":89,"column":35}},"loc":{"start":{"line":89,"column":46},"end":{"line":104,"column":5}},"line":89},"10":{"name":"(anonymous_10)","decl":{"start":{"line":105,"column":33},"end":{"line":105,"column":34}},"loc":{"start":{"line":105,"column":45},"end":{"line":120,"column":5}},"line":105},"11":{"name":"(anonymous_11)","decl":{"start":{"line":122,"column":44},"end":{"line":122,"column":45}},"loc":{"start":{"line":122,"column":56},"end":{"line":139,"column":1}},"line":122},"12":{"name":"(anonymous_12)","decl":{"start":{"line":123,"column":32},"end":{"line":123,"column":33}},"loc":{"start":{"line":123,"column":44},"end":{"line":138,"column":5}},"line":123},"13":{"name":"(anonymous_13)","decl":{"start":{"line":140,"column":40},"end":{"line":140,"column":41}},"loc":{"start":{"line":140,"column":52},"end":{"line":159,"column":1}},"line":140},"14":{"name":"(anonymous_14)","decl":{"start":{"line":141,"column":39},"end":{"line":141,"column":40}},"loc":{"start":{"line":141,"column":51},"end":{"line":158,"column":5}},"line":141},"15":{"name":"(anonymous_15)","decl":{"start":{"line":160,"column":43},"end":{"line":160,"column":44}},"loc":{"start":{"line":160,"column":55},"end":{"line":184,"column":1}},"line":160},"16":{"name":"(anonymous_16)","decl":{"start":{"line":161,"column":29},"end":{"line":161,"column":30}},"loc":{"start":{"line":161,"column":41},"end":{"line":183,"column":5}},"line":161},"17":{"name":"(anonymous_17)","decl":{"start":{"line":185,"column":34},"end":{"line":185,"column":35}},"loc":{"start":{"line":185,"column":46},"end":{"line":212,"column":1}},"line":185},"18":{"name":"(anonymous_18)","decl":{"start":{"line":186,"column":29},"end":{"line":186,"column":30}},"loc":{"start":{"line":186,"column":41},"end":{"line":211,"column":5}},"line":186},"19":{"name":"(anonymous_19)","decl":{"start":{"line":213,"column":40},"end":{"line":213,"column":41}},"loc":{"start":{"line":213,"column":52},"end":{"line":238,"column":1}},"line":213},"20":{"name":"(anonymous_20)","decl":{"start":{"line":214,"column":30},"end":{"line":214,"column":31}},"loc":{"start":{"line":214,"column":42},"end":{"line":237,"column":5}},"line":214}},"branchMap":{},"s":{"0":1,"1":1,"2":1,"3":1,"4":1,"5":1,"6":1,"7":1,"8":1,"9":1,"10":1,"11":1,"12":1,"13":1,"14":1,"15":1,"16":1,"17":1,"18":1,"19":1,"20":1,"21":1,"22":1,"23":1,"24":1,"25":1,"26":1,"27":1,"28":1,"29":1,"30":1,"31":1,"32":1,"33":1,"34":1,"35":1,"36":1,"37":1,"38":1,"39":1,"40":1,"41":1,"42":1,"43":1,"44":1,"45":1,"46":1,"47":1,"48":1,"49":1,"50":1,"51":1,"52":1,"53":1,"54":1,"55":1,"56":1,"57":1,"58":1,"59":1,"60":1,"61":1,"62":1,"63":1,"64":1,"65":1,"66":1,"67":1,"68":1,"69":1,"70":1,"71":1,"72":1,"73":1,"74":1,"75":1,"76":1,"77":1,"78":1,"79":1,"80":1,"81":1,"82":1,"83":1,"84":1,"85":1,"86":1,"87":1,"88":1,"89":1,"90":1,"91":1,"92":1,"93":1,"94":1,"95":1,"96":1,"97":1,"98":1,"99":1,"100":1,"101":1,"102":1,"103":1,"104":1,"105":1,"106":1,"107":1,"108":1,"109":1,"110":1,"111":1,"112":1,"113":1,"114":1,"115":1,"116":1,"117":1,"118":1,"119":1,"120":1,"121":1,"122":1,"123":1,"124":1,"125":1,"126":1,"127":1,"128":1,"129":1,"130":1,"131":1,"132":1,"133":1,"134":1,"135":1,"136":1,"137":1,"138":1,"139":1,"140":1,"141":1,"142":1,"143":1,"144":1,"145":1,"146":1,"147":1,"148":1,"149":1,"150":1,"151":1,"152":1,"153":1,"154":1,"155":1,"156":1,"157":1,"158":1,"159":1,"160":1,"161":1,"162":1,"163":1,"164":1,"165":1,"166":1,"167":1,"168":1,"169":1,"170":1,"171":1},"f":{"0":1,"1":1,"2":1,"3":1,"4":1,"5":1,"6":1,"7":1,"8":1,"9":1,"10":1,"11":1,"12":1,"13":1,"14":1,"15":1,"16":1,"17":1,"18":1,"19":1,"20":1},"b":{},"_coverageSchema":"332fd63041d2c1bcb487cc26dd0d5f7d97098a6c","hash":"c2d16e1e7ffed5db58b5558e1f578c86a537edc3","contentHash":"9c6aa669b9f8c572018a20a0fed94606_10.3.2"},"/Users/yukiosaki/Documents/Personal/packman/src/game/logic/grid.ts":{"path":"/Users/yukiosaki/Documents/Personal/packman/src/game/logic/grid.ts","statementMap":{"0":{"start":{"line":2,"column":0},"end":{"line":2,"column":62}},"1":{"start":{"line":3,"column":19},"end":{"line":3,"column":54}},"2":{"start":{"line":4,"column":13},"end":{"line":4,"column":35}},"3":{"start":{"line":5,"column":13},"end":{"line":5,"column":44}},"4":{"start":{"line":6,"column":14},"end":{"line":6,"column":46}},"5":{"start":{"line":7,"column":15},"end":{"line":7,"column":48}},"6":{"start":{"line":8,"column":21},"end":{"line":8,"column":53}},"7":{"start":{"line":9,"column":18},"end":{"line":9,"column":54}},"8":{"start":{"line":10,"column":16},"end":{"line":10,"column":50}},"9":{"start":{"line":11,"column":16},"end":{"line":11,"column":45}},"10":{"start":{"line":12,"column":12},"end":{"line":187,"column":3}},"11":{"start":{"line":14,"column":8},"end":{"line":14,"column":45}},"12":{"start":{"line":15,"column":8},"end":{"line":15,"column":44}},"13":{"start":{"line":16,"column":8},"end":{"line":16,"column":23}},"14":{"start":{"line":17,"column":8},"end":{"line":17,"column":24}},"15":{"start":{"line":18,"column":8},"end":{"line":18,"column":29}},"16":{"start":{"line":19,"column":8},"end":{"line":19,"column":62}},"17":{"start":{"line":20,"column":8},"end":{"line":20,"column":46}},"18":{"start":{"line":23,"column":4},"end":{"line":71,"column":6}},"19":{"start":{"line":24,"column":8},"end":{"line":24,"column":23}},"20":{"start":{"line":25,"column":8},"end":{"line":25,"column":39}},"21":{"start":{"line":26,"column":8},"end":{"line":26,"column":41}},"22":{"start":{"line":28,"column":8},"end":{"line":33,"column":9}},"23":{"start":{"line":29,"column":12},"end":{"line":29,"column":30}},"24":{"start":{"line":30,"column":12},"end":{"line":32,"column":13}},"25":{"start":{"line":31,"column":16},"end":{"line":31,"column":62}},"26":{"start":{"line":35,"column":8},"end":{"line":70,"column":9}},"27":{"start":{"line":36,"column":12},"end":{"line":69,"column":13}},"28":{"start":{"line":37,"column":16},"end":{"line":40,"column":17}},"29":{"start":{"line":38,"column":20},"end":{"line":38,"column":89}},"30":{"start":{"line":39,"column":20},"end":{"line":39,"column":29}},"31":{"start":{"line":41,"column":16},"end":{"line":44,"column":17}},"32":{"start":{"line":42,"column":20},"end":{"line":42,"column":88}},"33":{"start":{"line":43,"column":20},"end":{"line":43,"column":29}},"34":{"start":{"line":45,"column":16},"end":{"line":48,"column":17}},"35":{"start":{"line":46,"column":20},"end":{"line":46,"column":88}},"36":{"start":{"line":47,"column":20},"end":{"line":47,"column":29}},"37":{"start":{"line":49,"column":16},"end":{"line":52,"column":17}},"38":{"start":{"line":50,"column":20},"end":{"line":50,"column":88}},"39":{"start":{"line":51,"column":20},"end":{"line":51,"column":29}},"40":{"start":{"line":53,"column":16},"end":{"line":56,"column":17}},"41":{"start":{"line":54,"column":20},"end":{"line":54,"column":88}},"42":{"start":{"line":55,"column":20},"end":{"line":55,"column":29}},"43":{"start":{"line":57,"column":16},"end":{"line":60,"column":17}},"44":{"start":{"line":58,"column":20},"end":{"line":58,"column":89}},"45":{"start":{"line":59,"column":20},"end":{"line":59,"column":29}},"46":{"start":{"line":61,"column":16},"end":{"line":64,"column":17}},"47":{"start":{"line":62,"column":20},"end":{"line":62,"column":94}},"48":{"start":{"line":63,"column":20},"end":{"line":63,"column":29}},"49":{"start":{"line":65,"column":16},"end":{"line":68,"column":17}},"50":{"start":{"line":66,"column":20},"end":{"line":66,"column":92}},"51":{"start":{"line":67,"column":20},"end":{"line":67,"column":29}},"52":{"start":{"line":72,"column":4},"end":{"line":74,"column":6}},"53":{"start":{"line":73,"column":8},"end":{"line":73,"column":48}},"54":{"start":{"line":75,"column":4},"end":{"line":77,"column":6}},"55":{"start":{"line":76,"column":8},"end":{"line":76,"column":49}},"56":{"start":{"line":78,"column":4},"end":{"line":99,"column":6}},"57":{"start":{"line":80,"column":8},"end":{"line":92,"column":9}},"58":{"start":{"line":82,"column":16},"end":{"line":82,"column":45}},"59":{"start":{"line":83,"column":16},"end":{"line":83,"column":22}},"60":{"start":{"line":85,"column":16},"end":{"line":85,"column":55}},"61":{"start":{"line":86,"column":16},"end":{"line":86,"column":22}},"62":{"start":{"line":88,"column":16},"end":{"line":88,"column":51}},"63":{"start":{"line":89,"column":16},"end":{"line":89,"column":22}},"64":{"start":{"line":91,"column":16},"end":{"line":91,"column":53}},"65":{"start":{"line":93,"column":8},"end":{"line":93,"column":33}},"66":{"start":{"line":94,"column":8},"end":{"line":97,"column":9}},"67":{"start":{"line":95,"column":21},"end":{"line":95,"column":27}},"68":{"start":{"line":96,"column":12},"end":{"line":96,"column":25}},"69":{"start":{"line":98,"column":8},"end":{"line":98,"column":24}},"70":{"start":{"line":100,"column":4},"end":{"line":119,"column":6}},"71":{"start":{"line":102,"column":8},"end":{"line":112,"column":9}},"72":{"start":{"line":104,"column":16},"end":{"line":104,"column":48}},"73":{"start":{"line":105,"column":16},"end":{"line":105,"column":22}},"74":{"start":{"line":108,"column":16},"end":{"line":108,"column":46}},"75":{"start":{"line":109,"column":16},"end":{"line":109,"column":22}},"76":{"start":{"line":111,"column":16},"end":{"line":111,"column":53}},"77":{"start":{"line":113,"column":8},"end":{"line":113,"column":31}},"78":{"start":{"line":114,"column":8},"end":{"line":117,"column":9}},"79":{"start":{"line":115,"column":21},"end":{"line":115,"column":27}},"80":{"start":{"line":116,"column":12},"end":{"line":116,"column":24}},"81":{"start":{"line":118,"column":8},"end":{"line":118,"column":23}},"82":{"start":{"line":120,"column":4},"end":{"line":125,"column":6}},"83":{"start":{"line":121,"column":8},"end":{"line":123,"column":9}},"84":{"start":{"line":122,"column":12},"end":{"line":122,"column":29}},"85":{"start":{"line":124,"column":8},"end":{"line":124,"column":31}},"86":{"start":{"line":126,"column":4},"end":{"line":142,"column":6}},"87":{"start":{"line":127,"column":8},"end":{"line":130,"column":9}},"88":{"start":{"line":128,"column":12},"end":{"line":128,"column":45}},"89":{"start":{"line":129,"column":12},"end":{"line":129,"column":19}},"90":{"start":{"line":131,"column":8},"end":{"line":134,"column":9}},"91":{"start":{"line":132,"column":12},"end":{"line":132,"column":56}},"92":{"start":{"line":133,"column":12},"end":{"line":133,"column":19}},"93":{"start":{"line":136,"column":8},"end":{"line":138,"column":9}},"94":{"start":{"line":137,"column":12},"end":{"line":137,"column":51}},"95":{"start":{"line":140,"column":8},"end":{"line":140,"column":41}},"96":{"start":{"line":141,"column":8},"end":{"line":141,"column":38}},"97":{"start":{"line":143,"column":4},"end":{"line":162,"column":6}},"98":{"start":{"line":145,"column":8},"end":{"line":160,"column":9}},"99":{"start":{"line":147,"column":16},"end":{"line":147,"column":71}},"100":{"start":{"line":148,"column":16},"end":{"line":148,"column":22}},"101":{"start":{"line":150,"column":16},"end":{"line":150,"column":70}},"102":{"start":{"line":151,"column":16},"end":{"line":151,"column":22}},"103":{"start":{"line":153,"column":16},"end":{"line":153,"column":72}},"104":{"start":{"line":154,"column":16},"end":{"line":154,"column":22}},"105":{"start":{"line":156,"column":16},"end":{"line":156,"column":73}},"106":{"start":{"line":157,"column":16},"end":{"line":157,"column":22}},"107":{"start":{"line":159,"column":16},"end":{"line":159,"column":55}},"108":{"start":{"line":161,"column":8},"end":{"line":161,"column":21}},"109":{"start":{"line":163,"column":4},"end":{"line":165,"column":6}},"110":{"start":{"line":164,"column":8},"end":{"line":164,"column":35}},"111":{"start":{"line":166,"column":4},"end":{"line":185,"column":6}},"112":{"start":{"line":167,"column":21},"end":{"line":167,"column":23}},"113":{"start":{"line":168,"column":8},"end":{"line":182,"column":9}},"114":{"start":{"line":169,"column":12},"end":{"line":180,"column":13}},"115":{"start":{"line":170,"column":27},"end":{"line":170,"column":45}},"116":{"start":{"line":171,"column":16},"end":{"line":179,"column":17}},"117":{"start":{"line":172,"column":20},"end":{"line":172,"column":46}},"118":{"start":{"line":174,"column":21},"end":{"line":179,"column":17}},"119":{"start":{"line":175,"column":20},"end":{"line":175,"column":59}},"120":{"start":{"line":178,"column":20},"end":{"line":178,"column":48}},"121":{"start":{"line":181,"column":12},"end":{"line":181,"column":27}},"122":{"start":{"line":184,"column":8},"end":{"line":184,"column":22}},"123":{"start":{"line":186,"column":4},"end":{"line":186,"column":16}},"124":{"start":{"line":188,"column":0},"end":{"line":188,"column":20}}},"fnMap":{"0":{"name":"(anonymous_0)","decl":{"start":{"line":12,"column":12},"end":{"line":12,"column":13}},"loc":{"start":{"line":12,"column":24},"end":{"line":187,"column":1}},"line":12},"1":{"name":"Grid","decl":{"start":{"line":13,"column":13},"end":{"line":13,"column":17}},"loc":{"start":{"line":13,"column":28},"end":{"line":21,"column":5}},"line":13},"2":{"name":"(anonymous_2)","decl":{"start":{"line":23,"column":33},"end":{"line":23,"column":34}},"loc":{"start":{"line":23,"column":45},"end":{"line":71,"column":5}},"line":23},"3":{"name":"(anonymous_3)","decl":{"start":{"line":72,"column":47},"end":{"line":72,"column":48}},"loc":{"start":{"line":72,"column":61},"end":{"line":74,"column":5}},"line":72},"4":{"name":"(anonymous_4)","decl":{"start":{"line":75,"column":47},"end":{"line":75,"column":48}},"loc":{"start":{"line":75,"column":61},"end":{"line":77,"column":5}},"line":75},"5":{"name":"(anonymous_5)","decl":{"start":{"line":78,"column":36},"end":{"line":78,"column":37}},"loc":{"start":{"line":78,"column":58},"end":{"line":99,"column":5}},"line":78},"6":{"name":"(anonymous_6)","decl":{"start":{"line":100,"column":35},"end":{"line":100,"column":36}},"loc":{"start":{"line":100,"column":57},"end":{"line":119,"column":5}},"line":100},"7":{"name":"(anonymous_7)","decl":{"start":{"line":120,"column":29},"end":{"line":120,"column":30}},"loc":{"start":{"line":120,"column":45},"end":{"line":125,"column":5}},"line":120},"8":{"name":"(anonymous_8)","decl":{"start":{"line":126,"column":26},"end":{"line":126,"column":27}},"loc":{"start":{"line":126,"column":61},"end":{"line":142,"column":5}},"line":126},"9":{"name":"(anonymous_9)","decl":{"start":{"line":143,"column":30},"end":{"line":143,"column":31}},"loc":{"start":{"line":143,"column":46},"end":{"line":162,"column":5}},"line":143},"10":{"name":"(anonymous_10)","decl":{"start":{"line":163,"column":30},"end":{"line":163,"column":31}},"loc":{"start":{"line":163,"column":42},"end":{"line":165,"column":5}},"line":163},"11":{"name":"(anonymous_11)","decl":{"start":{"line":166,"column":34},"end":{"line":166,"column":35}},"loc":{"start":{"line":166,"column":46},"end":{"line":185,"column":5}},"line":166}},"branchMap":{"0":{"loc":{"start":{"line":37,"column":16},"end":{"line":40,"column":17}},"type":"if","locations":[{"start":{"line":37,"column":16},"end":{"line":40,"column":17}},{"start":{"line":37,"column":16},"end":{"line":40,"column":17}}],"line":37},"1":{"loc":{"start":{"line":41,"column":16},"end":{"line":44,"column":17}},"type":"if","locations":[{"start":{"line":41,"column":16},"end":{"line":44,"column":17}},{"start":{"line":41,"column":16},"end":{"line":44,"column":17}}],"line":41},"2":{"loc":{"start":{"line":45,"column":16},"end":{"line":48,"column":17}},"type":"if","locations":[{"start":{"line":45,"column":16},"end":{"line":48,"column":17}},{"start":{"line":45,"column":16},"end":{"line":48,"column":17}}],"line":45},"3":{"loc":{"start":{"line":49,"column":16},"end":{"line":52,"column":17}},"type":"if","locations":[{"start":{"line":49,"column":16},"end":{"line":52,"column":17}},{"start":{"line":49,"column":16},"end":{"line":52,"column":17}}],"line":49},"4":{"loc":{"start":{"line":53,"column":16},"end":{"line":56,"column":17}},"type":"if","locations":[{"start":{"line":53,"column":16},"end":{"line":56,"column":17}},{"start":{"line":53,"column":16},"end":{"line":56,"column":17}}],"line":53},"5":{"loc":{"start":{"line":57,"column":16},"end":{"line":60,"column":17}},"type":"if","locations":[{"start":{"line":57,"column":16},"end":{"line":60,"column":17}},{"start":{"line":57,"column":16},"end":{"line":60,"column":17}}],"line":57},"6":{"loc":{"start":{"line":61,"column":16},"end":{"line":64,"column":17}},"type":"if","locations":[{"start":{"line":61,"column":16},"end":{"line":64,"column":17}},{"start":{"line":61,"column":16},"end":{"line":64,"column":17}}],"line":61},"7":{"loc":{"start":{"line":65,"column":16},"end":{"line":68,"column":17}},"type":"if","locations":[{"start":{"line":65,"column":16},"end":{"line":68,"column":17}},{"start":{"line":65,"column":16},"end":{"line":68,"column":17}}],"line":65},"8":{"loc":{"start":{"line":80,"column":8},"end":{"line":92,"column":9}},"type":"switch","locations":[{"start":{"line":81,"column":12},"end":{"line":83,"column":22}},{"start":{"line":84,"column":12},"end":{"line":86,"column":22}},{"start":{"line":87,"column":12},"end":{"line":89,"column":22}},{"start":{"line":90,"column":12},"end":{"line":91,"column":53}}],"line":80},"9":{"loc":{"start":{"line":102,"column":8},"end":{"line":112,"column":9}},"type":"switch","locations":[{"start":{"line":103,"column":12},"end":{"line":105,"column":22}},{"start":{"line":107,"column":12},"end":{"line":109,"column":22}},{"start":{"line":110,"column":12},"end":{"line":111,"column":53}}],"line":102},"10":{"loc":{"start":{"line":121,"column":8},"end":{"line":123,"column":9}},"type":"if","locations":[{"start":{"line":121,"column":8},"end":{"line":123,"column":9}},{"start":{"line":121,"column":8},"end":{"line":123,"column":9}}],"line":121},"11":{"loc":{"start":{"line":127,"column":8},"end":{"line":130,"column":9}},"type":"if","locations":[{"start":{"line":127,"column":8},"end":{"line":130,"column":9}},{"start":{"line":127,"column":8},"end":{"line":130,"column":9}}],"line":127},"12":{"loc":{"start":{"line":131,"column":8},"end":{"line":134,"column":9}},"type":"if","locations":[{"start":{"line":131,"column":8},"end":{"line":134,"column":9}},{"start":{"line":131,"column":8},"end":{"line":134,"column":9}}],"line":131},"13":{"loc":{"start":{"line":136,"column":8},"end":{"line":138,"column":9}},"type":"if","locations":[{"start":{"line":136,"column":8},"end":{"line":138,"column":9}},{"start":{"line":136,"column":8},"end":{"line":138,"column":9}}],"line":136},"14":{"loc":{"start":{"line":145,"column":8},"end":{"line":160,"column":9}},"type":"switch","locations":[{"start":{"line":146,"column":12},"end":{"line":148,"column":22}},{"start":{"line":149,"column":12},"end":{"line":151,"column":22}},{"start":{"line":152,"column":12},"end":{"line":154,"column":22}},{"start":{"line":155,"column":12},"end":{"line":157,"column":22}},{"start":{"line":158,"column":12},"end":{"line":159,"column":55}}],"line":145},"15":{"loc":{"start":{"line":171,"column":16},"end":{"line":179,"column":17}},"type":"if","locations":[{"start":{"line":171,"column":16},"end":{"line":179,"column":17}},{"start":{"line":171,"column":16},"end":{"line":179,"column":17}}],"line":171},"16":{"loc":{"start":{"line":174,"column":21},"end":{"line":179,"column":17}},"type":"if","locations":[{"start":{"line":174,"column":21},"end":{"line":179,"column":17}},{"start":{"line":174,"column":21},"end":{"line":179,"column":17}}],"line":174},"17":{"loc":{"start":{"line":174,"column":25},"end":{"line":174,"column":95}},"type":"binary-expr","locations":[{"start":{"line":174,"column":25},"end":{"line":174,"column":38}},{"start":{"line":174,"column":42},"end":{"line":174,"column":95}}],"line":174}},"s":{"0":1,"1":1,"2":1,"3":1,"4":1,"5":1,"6":1,"7":1,"8":1,"9":1,"10":1,"11":11,"12":11,"13":11,"14":11,"15":11,"16":11,"17":11,"18":1,"19":11,"20":11,"21":11,"22":11,"23":33,"24":33,"25":99,"26":11,"27":33,"28":99,"29":40,"30":40,"31":59,"32":2,"33":2,"34":57,"35":0,"36":0,"37":57,"38":8,"39":8,"40":49,"41":0,"42":0,"43":49,"44":10,"45":10,"46":39,"47":37,"48":37,"49":2,"50":2,"51":2,"52":1,"53":0,"54":1,"55":0,"56":1,"57":79,"58":40,"59":40,"60":37,"61":37,"62":2,"63":2,"64":0,"65":79,"66":79,"67":0,"68":0,"69":79,"70":1,"71":20,"72":10,"73":10,"74":10,"75":10,"76":0,"77":20,"78":20,"79":0,"80":0,"81":20,"82":1,"83":200,"84":5,"85":195,"86":1,"87":3,"88":0,"89":0,"90":3,"91":0,"92":0,"93":3,"94":3,"95":3,"96":3,"97":1,"98":10,"99":2,"100":2,"101":0,"102":0,"103":8,"104":8,"105":0,"106":0,"107":0,"108":10,"109":1,"110":5,"111":1,"112":5,"113":5,"114":15,"115":45,"116":45,"117":7,"118":38,"119":15,"120":23,"121":15,"122":5,"123":1,"124":1},"f":{"0":1,"1":11,"2":11,"3":0,"4":0,"5":79,"6":20,"7":200,"8":3,"9":10,"10":5,"11":5},"b":{"0":[40,59],"1":[2,57],"2":[0,57],"3":[8,49],"4":[0,49],"5":[10,39],"6":[37,2],"7":[2,0],"8":[40,37,2,0],"9":[10,10,0],"10":[5,195],"11":[0,3],"12":[0,3],"13":[3,0],"14":[2,0,8,0,0],"15":[7,38],"16":[15,23],"17":[38,36]},"_coverageSchema":"332fd63041d2c1bcb487cc26dd0d5f7d97098a6c","hash":"c468bbfbd3dc3f4bf3523fb4cfcca41c5969ae8e","contentHash":"6b983de22624c337dee1737c57b1b89b_10.3.2"},"/Users/yukiosaki/Documents/Personal/packman/src/game/interfaces/interfaces.ts":{"path":"/Users/yukiosaki/Documents/Personal/packman/src/game/interfaces/interfaces.ts","statementMap":{"0":{"start":{"line":2,"column":0},"end":{"line":2,"column":62}},"1":{"start":{"line":4,"column":0},"end":{"line":7,"column":68}},"2":{"start":{"line":5,"column":4},"end":{"line":5,"column":54}},"3":{"start":{"line":6,"column":4},"end":{"line":6,"column":52}},"4":{"start":{"line":9,"column":0},"end":{"line":13,"column":71}},"5":{"start":{"line":10,"column":4},"end":{"line":10,"column":52}},"6":{"start":{"line":11,"column":4},"end":{"line":11,"column":62}},"7":{"start":{"line":12,"column":4},"end":{"line":12,"column":58}},"8":{"start":{"line":15,"column":0},"end":{"line":20,"column":62}},"9":{"start":{"line":16,"column":4},"end":{"line":16,"column":44}},"10":{"start":{"line":17,"column":4},"end":{"line":17,"column":46}},"11":{"start":{"line":18,"column":4},"end":{"line":18,"column":50}},"12":{"start":{"line":19,"column":4},"end":{"line":19,"column":48}},"13":{"start":{"line":22,"column":0},"end":{"line":27,"column":62}},"14":{"start":{"line":23,"column":4},"end":{"line":23,"column":42}},"15":{"start":{"line":24,"column":4},"end":{"line":24,"column":46}},"16":{"start":{"line":25,"column":4},"end":{"line":25,"column":46}},"17":{"start":{"line":26,"column":4},"end":{"line":26,"column":48}}},"fnMap":{"0":{"name":"(anonymous_0)","decl":{"start":{"line":4,"column":1},"end":{"line":4,"column":2}},"loc":{"start":{"line":4,"column":24},"end":{"line":7,"column":1}},"line":4},"1":{"name":"(anonymous_1)","decl":{"start":{"line":9,"column":1},"end":{"line":9,"column":2}},"loc":{"start":{"line":9,"column":25},"end":{"line":13,"column":1}},"line":9},"2":{"name":"(anonymous_2)","decl":{"start":{"line":15,"column":1},"end":{"line":15,"column":2}},"loc":{"start":{"line":15,"column":22},"end":{"line":20,"column":1}},"line":15},"3":{"name":"(anonymous_3)","decl":{"start":{"line":22,"column":1},"end":{"line":22,"column":2}},"loc":{"start":{"line":22,"column":22},"end":{"line":27,"column":1}},"line":22}},"branchMap":{"0":{"loc":{"start":{"line":7,"column":17},"end":{"line":7,"column":66}},"type":"binary-expr","locations":[{"start":{"line":7,"column":17},"end":{"line":7,"column":36}},{"start":{"line":7,"column":41},"end":{"line":7,"column":65}}],"line":7},"1":{"loc":{"start":{"line":13,"column":18},"end":{"line":13,"column":69}},"type":"binary-expr","locations":[{"start":{"line":13,"column":18},"end":{"line":13,"column":38}},{"start":{"line":13,"column":43},"end":{"line":13,"column":68}}],"line":13},"2":{"loc":{"start":{"line":20,"column":15},"end":{"line":20,"column":60}},"type":"binary-expr","locations":[{"start":{"line":20,"column":15},"end":{"line":20,"column":32}},{"start":{"line":20,"column":37},"end":{"line":20,"column":59}}],"line":20},"3":{"loc":{"start":{"line":27,"column":15},"end":{"line":27,"column":60}},"type":"binary-expr","locations":[{"start":{"line":27,"column":15},"end":{"line":27,"column":32}},{"start":{"line":27,"column":37},"end":{"line":27,"column":59}}],"line":27}},"s":{"0":1,"1":1,"2":1,"3":1,"4":1,"5":1,"6":1,"7":1,"8":1,"9":1,"10":1,"11":1,"12":1,"13":1,"14":1,"15":1,"16":1,"17":1},"f":{"0":1,"1":1,"2":1,"3":1},"b":{"0":[1,1],"1":[1,1],"2":[1,1],"3":[1,1]},"_coverageSchema":"332fd63041d2c1bcb487cc26dd0d5f7d97098a6c","hash":"8f3d1389c48b00be17c7cbe7ddbfb840c0890583","contentHash":"6e6126b1858fd7dd9bce06ad3f1bc431_10.3.2"},"/Users/yukiosaki/Documents/Personal/packman/src/game/logic/grid/cell.ts":{"path":"/Users/yukiosaki/Documents/Personal/packman/src/game/logic/grid/cell.ts","statementMap":{"0":{"start":{"line":2,"column":0},"end":{"line":2,"column":62}},"1":{"start":{"line":3,"column":19},"end":{"line":3,"column":57}},"2":{"start":{"line":4,"column":12},"end":{"line":72,"column":3}},"3":{"start":{"line":6,"column":8},"end":{"line":6,"column":25}},"4":{"start":{"line":7,"column":8},"end":{"line":7,"column":19}},"5":{"start":{"line":8,"column":8},"end":{"line":8,"column":19}},"6":{"start":{"line":10,"column":4},"end":{"line":22,"column":7}},"7":{"start":{"line":12,"column":12},"end":{"line":12,"column":32}},"8":{"start":{"line":15,"column":12},"end":{"line":15,"column":35}},"9":{"start":{"line":16,"column":12},"end":{"line":18,"column":13}},"10":{"start":{"line":17,"column":16},"end":{"line":17,"column":41}},"11":{"start":{"line":23,"column":4},"end":{"line":36,"column":7}},"12":{"start":{"line":25,"column":12},"end":{"line":25,"column":33}},"13":{"start":{"line":28,"column":12},"end":{"line":28,"column":37}},"14":{"start":{"line":29,"column":12},"end":{"line":31,"column":13}},"15":{"start":{"line":30,"column":16},"end":{"line":30,"column":42}},"16":{"start":{"line":32,"column":12},"end":{"line":32,"column":37}},"17":{"start":{"line":37,"column":4},"end":{"line":50,"column":6}},"18":{"start":{"line":38,"column":8},"end":{"line":49,"column":9}},"19":{"start":{"line":40,"column":16},"end":{"line":40,"column":61}},"20":{"start":{"line":42,"column":16},"end":{"line":42,"column":61}},"21":{"start":{"line":44,"column":16},"end":{"line":44,"column":61}},"22":{"start":{"line":46,"column":16},"end":{"line":46,"column":61}},"23":{"start":{"line":48,"column":16},"end":{"line":48,"column":56}},"24":{"start":{"line":51,"column":4},"end":{"line":70,"column":6}},"25":{"start":{"line":52,"column":25},"end":{"line":52,"column":27}},"26":{"start":{"line":53,"column":17},"end":{"line":53,"column":61}},"27":{"start":{"line":54,"column":8},"end":{"line":56,"column":9}},"28":{"start":{"line":55,"column":12},"end":{"line":55,"column":32}},"29":{"start":{"line":57,"column":19},"end":{"line":57,"column":65}},"30":{"start":{"line":58,"column":8},"end":{"line":60,"column":9}},"31":{"start":{"line":59,"column":12},"end":{"line":59,"column":34}},"32":{"start":{"line":61,"column":19},"end":{"line":61,"column":65}},"33":{"start":{"line":62,"column":8},"end":{"line":64,"column":9}},"34":{"start":{"line":63,"column":12},"end":{"line":63,"column":34}},"35":{"start":{"line":65,"column":20},"end":{"line":65,"column":67}},"36":{"start":{"line":66,"column":8},"end":{"line":68,"column":9}},"37":{"start":{"line":67,"column":12},"end":{"line":67,"column":35}},"38":{"start":{"line":69,"column":8},"end":{"line":69,"column":26}},"39":{"start":{"line":71,"column":4},"end":{"line":71,"column":16}},"40":{"start":{"line":73,"column":0},"end":{"line":73,"column":20}}},"fnMap":{"0":{"name":"(anonymous_0)","decl":{"start":{"line":4,"column":12},"end":{"line":4,"column":13}},"loc":{"start":{"line":4,"column":24},"end":{"line":72,"column":1}},"line":4},"1":{"name":"Cell","decl":{"start":{"line":5,"column":13},"end":{"line":5,"column":17}},"loc":{"start":{"line":5,"column":30},"end":{"line":9,"column":5}},"line":5},"2":{"name":"(anonymous_2)","decl":{"start":{"line":11,"column":13},"end":{"line":11,"column":14}},"loc":{"start":{"line":11,"column":25},"end":{"line":13,"column":9}},"line":11},"3":{"name":"(anonymous_3)","decl":{"start":{"line":14,"column":13},"end":{"line":14,"column":14}},"loc":{"start":{"line":14,"column":32},"end":{"line":19,"column":9}},"line":14},"4":{"name":"(anonymous_4)","decl":{"start":{"line":24,"column":13},"end":{"line":24,"column":14}},"loc":{"start":{"line":24,"column":25},"end":{"line":26,"column":9}},"line":24},"5":{"name":"(anonymous_5)","decl":{"start":{"line":27,"column":13},"end":{"line":27,"column":14}},"loc":{"start":{"line":27,"column":33},"end":{"line":33,"column":9}},"line":27},"6":{"name":"(anonymous_6)","decl":{"start":{"line":37,"column":34},"end":{"line":37,"column":35}},"loc":{"start":{"line":37,"column":55},"end":{"line":50,"column":5}},"line":37},"7":{"name":"(anonymous_7)","decl":{"start":{"line":51,"column":35},"end":{"line":51,"column":36}},"loc":{"start":{"line":51,"column":47},"end":{"line":70,"column":5}},"line":51}},"branchMap":{"0":{"loc":{"start":{"line":16,"column":12},"end":{"line":18,"column":13}},"type":"if","locations":[{"start":{"line":16,"column":12},"end":{"line":18,"column":13}},{"start":{"line":16,"column":12},"end":{"line":18,"column":13}}],"line":16},"1":{"loc":{"start":{"line":29,"column":12},"end":{"line":31,"column":13}},"type":"if","locations":[{"start":{"line":29,"column":12},"end":{"line":31,"column":13}},{"start":{"line":29,"column":12},"end":{"line":31,"column":13}}],"line":29},"2":{"loc":{"start":{"line":38,"column":8},"end":{"line":49,"column":9}},"type":"switch","locations":[{"start":{"line":39,"column":12},"end":{"line":40,"column":61}},{"start":{"line":41,"column":12},"end":{"line":42,"column":61}},{"start":{"line":43,"column":12},"end":{"line":44,"column":61}},{"start":{"line":45,"column":12},"end":{"line":46,"column":61}},{"start":{"line":47,"column":12},"end":{"line":48,"column":56}}],"line":38},"3":{"loc":{"start":{"line":54,"column":8},"end":{"line":56,"column":9}},"type":"if","locations":[{"start":{"line":54,"column":8},"end":{"line":56,"column":9}},{"start":{"line":54,"column":8},"end":{"line":56,"column":9}}],"line":54},"4":{"loc":{"start":{"line":58,"column":8},"end":{"line":60,"column":9}},"type":"if","locations":[{"start":{"line":58,"column":8},"end":{"line":60,"column":9}},{"start":{"line":58,"column":8},"end":{"line":60,"column":9}}],"line":58},"5":{"loc":{"start":{"line":62,"column":8},"end":{"line":64,"column":9}},"type":"if","locations":[{"start":{"line":62,"column":8},"end":{"line":64,"column":9}},{"start":{"line":62,"column":8},"end":{"line":64,"column":9}}],"line":62},"6":{"loc":{"start":{"line":66,"column":8},"end":{"line":68,"column":9}},"type":"if","locations":[{"start":{"line":66,"column":8},"end":{"line":68,"column":9}},{"start":{"line":66,"column":8},"end":{"line":68,"column":9}}],"line":66}},"s":{"0":1,"1":1,"2":1,"3":99,"4":99,"5":99,"6":1,"7":135,"8":26,"9":26,"10":23,"11":1,"12":176,"13":79,"14":79,"15":79,"16":79,"17":1,"18":64,"19":18,"20":16,"21":14,"22":16,"23":0,"24":1,"25":13,"26":13,"27":13,"28":11,"29":13,"30":13,"31":11,"32":13,"33":13,"34":7,"35":13,"36":13,"37":11,"38":13,"39":1,"40":1},"f":{"0":1,"1":99,"2":135,"3":26,"4":176,"5":79,"6":64,"7":13},"b":{"0":[23,3],"1":[79,0],"2":[18,16,14,16,0],"3":[11,2],"4":[11,2],"5":[7,6],"6":[11,2]},"_coverageSchema":"332fd63041d2c1bcb487cc26dd0d5f7d97098a6c","hash":"6218230e4c71e31ee8832677a1fadddf0644c852","contentHash":"2ba1aea78c35ecfcc185d53e699202f3_10.3.2"},"/Users/yukiosaki/Documents/Personal/packman/src/game/logic/grid/facility/wall.ts":{"path":"/Users/yukiosaki/Documents/Personal/packman/src/game/logic/grid/facility/wall.ts","statementMap":{"0":{"start":{"line":2,"column":16},"end":{"line":11,"column":4}},"1":{"start":{"line":3,"column":24},"end":{"line":5,"column":82}},"2":{"start":{"line":4,"column":65},"end":{"line":4,"column":81}},"3":{"start":{"line":5,"column":26},"end":{"line":5,"column":80}},"4":{"start":{"line":5,"column":43},"end":{"line":5,"column":80}},"5":{"start":{"line":5,"column":68},"end":{"line":5,"column":80}},"6":{"start":{"line":6,"column":4},"end":{"line":10,"column":6}},"7":{"start":{"line":7,"column":8},"end":{"line":7,"column":28}},"8":{"start":{"line":8,"column":24},"end":{"line":8,"column":45}},"9":{"start":{"line":9,"column":8},"end":{"line":9,"column":93}},"10":{"start":{"line":12,"column":0},"end":{"line":12,"column":62}},"11":{"start":{"line":13,"column":17},"end":{"line":13,"column":39}},"12":{"start":{"line":14,"column":19},"end":{"line":14,"column":60}},"13":{"start":{"line":15,"column":12},"end":{"line":24,"column":22}},"14":{"start":{"line":16,"column":4},"end":{"line":16,"column":28}},"15":{"start":{"line":18,"column":20},"end":{"line":18,"column":76}},"16":{"start":{"line":19,"column":8},"end":{"line":19,"column":52}},"17":{"start":{"line":20,"column":8},"end":{"line":20,"column":26}},"18":{"start":{"line":21,"column":8},"end":{"line":21,"column":21}},"19":{"start":{"line":23,"column":4},"end":{"line":23,"column":16}},"20":{"start":{"line":25,"column":0},"end":{"line":25,"column":20}}},"fnMap":{"0":{"name":"(anonymous_0)","decl":{"start":{"line":2,"column":45},"end":{"line":2,"column":46}},"loc":{"start":{"line":2,"column":57},"end":{"line":11,"column":1}},"line":2},"1":{"name":"(anonymous_1)","decl":{"start":{"line":4,"column":47},"end":{"line":4,"column":48}},"loc":{"start":{"line":4,"column":63},"end":{"line":4,"column":83}},"line":4},"2":{"name":"(anonymous_2)","decl":{"start":{"line":5,"column":8},"end":{"line":5,"column":9}},"loc":{"start":{"line":5,"column":24},"end":{"line":5,"column":82}},"line":5},"3":{"name":"(anonymous_3)","decl":{"start":{"line":6,"column":11},"end":{"line":6,"column":12}},"loc":{"start":{"line":6,"column":27},"end":{"line":10,"column":5}},"line":6},"4":{"name":"__","decl":{"start":{"line":8,"column":17},"end":{"line":8,"column":19}},"loc":{"start":{"line":8,"column":22},"end":{"line":8,"column":47}},"line":8},"5":{"name":"(anonymous_5)","decl":{"start":{"line":15,"column":12},"end":{"line":15,"column":13}},"loc":{"start":{"line":15,"column":30},"end":{"line":24,"column":1}},"line":15},"6":{"name":"Wall","decl":{"start":{"line":17,"column":13},"end":{"line":17,"column":17}},"loc":{"start":{"line":17,"column":20},"end":{"line":22,"column":5}},"line":17}},"branchMap":{"0":{"loc":{"start":{"line":2,"column":16},"end":{"line":11,"column":4}},"type":"binary-expr","locations":[{"start":{"line":2,"column":17},"end":{"line":2,"column":21}},{"start":{"line":2,"column":25},"end":{"line":2,"column":39}},{"start":{"line":2,"column":44},"end":{"line":11,"column":4}}],"line":2},"1":{"loc":{"start":{"line":3,"column":24},"end":{"line":5,"column":82}},"type":"binary-expr","locations":[{"start":{"line":3,"column":24},"end":{"line":3,"column":45}},{"start":{"line":4,"column":9},"end":{"line":4,"column":43}},{"start":{"line":4,"column":47},"end":{"line":4,"column":83}},{"start":{"line":5,"column":8},"end":{"line":5,"column":82}}],"line":3},"2":{"loc":{"start":{"line":5,"column":43},"end":{"line":5,"column":80}},"type":"if","locations":[{"start":{"line":5,"column":43},"end":{"line":5,"column":80}},{"start":{"line":5,"column":43},"end":{"line":5,"column":80}}],"line":5},"3":{"loc":{"start":{"line":9,"column":22},"end":{"line":9,"column":92}},"type":"cond-expr","locations":[{"start":{"line":9,"column":35},"end":{"line":9,"column":51}},{"start":{"line":9,"column":55},"end":{"line":9,"column":91}}],"line":9},"4":{"loc":{"start":{"line":18,"column":20},"end":{"line":18,"column":76}},"type":"binary-expr","locations":[{"start":{"line":18,"column":20},"end":{"line":18,"column":35}},{"start":{"line":18,"column":39},"end":{"line":18,"column":68}},{"start":{"line":18,"column":72},"end":{"line":18,"column":76}}],"line":18}},"s":{"0":1,"1":1,"2":0,"3":0,"4":0,"5":0,"6":1,"7":1,"8":1,"9":1,"10":1,"11":1,"12":1,"13":1,"14":1,"15":40,"16":40,"17":40,"18":40,"19":1,"20":1},"f":{"0":1,"1":0,"2":0,"3":1,"4":1,"5":1,"6":40},"b":{"0":[1,1,1],"1":[1,0,0,0],"2":[0,0],"3":[0,1],"4":[40,40,40]},"_coverageSchema":"332fd63041d2c1bcb487cc26dd0d5f7d97098a6c","hash":"4edb0d63d956bcda2533972a9a5d95d083dd0b08","contentHash":"2b90560c06feab53786230463f41f764_10.3.2"},"/Users/yukiosaki/Documents/Personal/packman/src/game/logic/grid/facility.ts":{"path":"/Users/yukiosaki/Documents/Personal/packman/src/game/logic/grid/facility.ts","statementMap":{"0":{"start":{"line":2,"column":0},"end":{"line":2,"column":62}},"1":{"start":{"line":3,"column":16},"end":{"line":48,"column":3}},"2":{"start":{"line":5,"column":8},"end":{"line":5,"column":29}},"3":{"start":{"line":6,"column":8},"end":{"line":6,"column":31}},"4":{"start":{"line":8,"column":4},"end":{"line":28,"column":7}},"5":{"start":{"line":16,"column":12},"end":{"line":16,"column":29}},"6":{"start":{"line":19,"column":12},"end":{"line":19,"column":29}},"7":{"start":{"line":29,"column":4},"end":{"line":43,"column":7}},"8":{"start":{"line":31,"column":12},"end":{"line":31,"column":32}},"9":{"start":{"line":34,"column":12},"end":{"line":34,"column":35}},"10":{"start":{"line":35,"column":12},"end":{"line":35,"column":51}},"11":{"start":{"line":36,"column":12},"end":{"line":39,"column":13}},"12":{"start":{"line":37,"column":25},"end":{"line":37,"column":31}},"13":{"start":{"line":38,"column":16},"end":{"line":38,"column":21}},"14":{"start":{"line":44,"column":4},"end":{"line":46,"column":6}},"15":{"start":{"line":45,"column":8},"end":{"line":45,"column":35}},"16":{"start":{"line":47,"column":4},"end":{"line":47,"column":20}},"17":{"start":{"line":49,"column":0},"end":{"line":49,"column":28}}},"fnMap":{"0":{"name":"(anonymous_0)","decl":{"start":{"line":3,"column":16},"end":{"line":3,"column":17}},"loc":{"start":{"line":3,"column":28},"end":{"line":48,"column":1}},"line":3},"1":{"name":"Facility","decl":{"start":{"line":4,"column":13},"end":{"line":4,"column":21}},"loc":{"start":{"line":4,"column":24},"end":{"line":7,"column":5}},"line":4},"2":{"name":"(anonymous_2)","decl":{"start":{"line":15,"column":13},"end":{"line":15,"column":14}},"loc":{"start":{"line":15,"column":25},"end":{"line":17,"column":9}},"line":15},"3":{"name":"(anonymous_3)","decl":{"start":{"line":18,"column":13},"end":{"line":18,"column":14}},"loc":{"start":{"line":18,"column":29},"end":{"line":25,"column":9}},"line":18},"4":{"name":"(anonymous_4)","decl":{"start":{"line":30,"column":13},"end":{"line":30,"column":14}},"loc":{"start":{"line":30,"column":25},"end":{"line":32,"column":9}},"line":30},"5":{"name":"(anonymous_5)","decl":{"start":{"line":33,"column":13},"end":{"line":33,"column":14}},"loc":{"start":{"line":33,"column":32},"end":{"line":40,"column":9}},"line":33},"6":{"name":"(anonymous_6)","decl":{"start":{"line":44,"column":42},"end":{"line":44,"column":43}},"loc":{"start":{"line":44,"column":56},"end":{"line":46,"column":5}},"line":44}},"branchMap":{},"s":{"0":1,"1":1,"2":79,"3":79,"4":1,"5":0,"6":79,"7":1,"8":4,"9":1,"10":1,"11":1,"12":0,"13":0,"14":1,"15":0,"16":1,"17":1},"f":{"0":1,"1":79,"2":0,"3":79,"4":4,"5":1,"6":0},"b":{},"_coverageSchema":"332fd63041d2c1bcb487cc26dd0d5f7d97098a6c","hash":"2c8709ec4d6bf59245bc7ac7c04c719eb9163f1f","contentHash":"04e70c2f53a124041fdab30a4f697808_10.3.2"},"/Users/yukiosaki/Documents/Personal/packman/src/game/logic/grid/contents/enemy.ts":{"path":"/Users/yukiosaki/Documents/Personal/packman/src/game/logic/grid/contents/enemy.ts","statementMap":{"0":{"start":{"line":2,"column":16},"end":{"line":11,"column":4}},"1":{"start":{"line":3,"column":24},"end":{"line":5,"column":82}},"2":{"start":{"line":4,"column":65},"end":{"line":4,"column":81}},"3":{"start":{"line":5,"column":26},"end":{"line":5,"column":80}},"4":{"start":{"line":5,"column":43},"end":{"line":5,"column":80}},"5":{"start":{"line":5,"column":68},"end":{"line":5,"column":80}},"6":{"start":{"line":6,"column":4},"end":{"line":10,"column":6}},"7":{"start":{"line":7,"column":8},"end":{"line":7,"column":28}},"8":{"start":{"line":8,"column":24},"end":{"line":8,"column":45}},"9":{"start":{"line":9,"column":8},"end":{"line":9,"column":93}},"10":{"start":{"line":12,"column":0},"end":{"line":12,"column":62}},"11":{"start":{"line":13,"column":19},"end":{"line":13,"column":60}},"12":{"start":{"line":14,"column":16},"end":{"line":14,"column":37}},"13":{"start":{"line":15,"column":13},"end":{"line":25,"column":20}},"14":{"start":{"line":16,"column":4},"end":{"line":16,"column":29}},"15":{"start":{"line":18,"column":20},"end":{"line":18,"column":45}},"16":{"start":{"line":19,"column":8},"end":{"line":19,"column":52}},"17":{"start":{"line":20,"column":8},"end":{"line":20,"column":27}},"18":{"start":{"line":21,"column":8},"end":{"line":21,"column":31}},"19":{"start":{"line":22,"column":8},"end":{"line":22,"column":21}},"20":{"start":{"line":24,"column":4},"end":{"line":24,"column":17}},"21":{"start":{"line":26,"column":0},"end":{"line":26,"column":22}}},"fnMap":{"0":{"name":"(anonymous_0)","decl":{"start":{"line":2,"column":45},"end":{"line":2,"column":46}},"loc":{"start":{"line":2,"column":57},"end":{"line":11,"column":1}},"line":2},"1":{"name":"(anonymous_1)","decl":{"start":{"line":4,"column":47},"end":{"line":4,"column":48}},"loc":{"start":{"line":4,"column":63},"end":{"line":4,"column":83}},"line":4},"2":{"name":"(anonymous_2)","decl":{"start":{"line":5,"column":8},"end":{"line":5,"column":9}},"loc":{"start":{"line":5,"column":24},"end":{"line":5,"column":82}},"line":5},"3":{"name":"(anonymous_3)","decl":{"start":{"line":6,"column":11},"end":{"line":6,"column":12}},"loc":{"start":{"line":6,"column":27},"end":{"line":10,"column":5}},"line":6},"4":{"name":"__","decl":{"start":{"line":8,"column":17},"end":{"line":8,"column":19}},"loc":{"start":{"line":8,"column":22},"end":{"line":8,"column":47}},"line":8},"5":{"name":"(anonymous_5)","decl":{"start":{"line":15,"column":13},"end":{"line":15,"column":14}},"loc":{"start":{"line":15,"column":31},"end":{"line":25,"column":1}},"line":15},"6":{"name":"Enemy","decl":{"start":{"line":17,"column":13},"end":{"line":17,"column":18}},"loc":{"start":{"line":17,"column":25},"end":{"line":23,"column":5}},"line":17}},"branchMap":{"0":{"loc":{"start":{"line":2,"column":16},"end":{"line":11,"column":4}},"type":"binary-expr","locations":[{"start":{"line":2,"column":17},"end":{"line":2,"column":21}},{"start":{"line":2,"column":25},"end":{"line":2,"column":39}},{"start":{"line":2,"column":44},"end":{"line":11,"column":4}}],"line":2},"1":{"loc":{"start":{"line":3,"column":24},"end":{"line":5,"column":82}},"type":"binary-expr","locations":[{"start":{"line":3,"column":24},"end":{"line":3,"column":45}},{"start":{"line":4,"column":9},"end":{"line":4,"column":43}},{"start":{"line":4,"column":47},"end":{"line":4,"column":83}},{"start":{"line":5,"column":8},"end":{"line":5,"column":82}}],"line":3},"2":{"loc":{"start":{"line":5,"column":43},"end":{"line":5,"column":80}},"type":"if","locations":[{"start":{"line":5,"column":43},"end":{"line":5,"column":80}},{"start":{"line":5,"column":43},"end":{"line":5,"column":80}}],"line":5},"3":{"loc":{"start":{"line":9,"column":22},"end":{"line":9,"column":92}},"type":"cond-expr","locations":[{"start":{"line":9,"column":35},"end":{"line":9,"column":51}},{"start":{"line":9,"column":55},"end":{"line":9,"column":91}}],"line":9},"4":{"loc":{"start":{"line":18,"column":20},"end":{"line":18,"column":45}},"type":"binary-expr","locations":[{"start":{"line":18,"column":20},"end":{"line":18,"column":37}},{"start":{"line":18,"column":41},"end":{"line":18,"column":45}}],"line":18}},"s":{"0":1,"1":1,"2":0,"3":0,"4":0,"5":0,"6":1,"7":1,"8":1,"9":1,"10":1,"11":1,"12":1,"13":1,"14":1,"15":10,"16":10,"17":10,"18":10,"19":10,"20":1,"21":1},"f":{"0":1,"1":0,"2":0,"3":1,"4":1,"5":1,"6":10},"b":{"0":[1,1,1],"1":[1,0,0,0],"2":[0,0],"3":[0,1],"4":[10,10]},"_coverageSchema":"332fd63041d2c1bcb487cc26dd0d5f7d97098a6c","hash":"e6c4e99797daf2b2f7002861d5e596682662f25b","contentHash":"1fbcad222d0cef9498feb40d6d9ddc41_10.3.2"},"/Users/yukiosaki/Documents/Personal/packman/src/game/logic/grid/content.ts":{"path":"/Users/yukiosaki/Documents/Personal/packman/src/game/logic/grid/content.ts","statementMap":{"0":{"start":{"line":2,"column":0},"end":{"line":2,"column":62}},"1":{"start":{"line":3,"column":15},"end":{"line":74,"column":3}},"2":{"start":{"line":5,"column":8},"end":{"line":5,"column":25}},"3":{"start":{"line":6,"column":8},"end":{"line":6,"column":24}},"4":{"start":{"line":7,"column":8},"end":{"line":7,"column":26}},"5":{"start":{"line":8,"column":8},"end":{"line":8,"column":35}},"6":{"start":{"line":10,"column":4},"end":{"line":28,"column":7}},"7":{"start":{"line":12,"column":12},"end":{"line":12,"column":29}},"8":{"start":{"line":15,"column":12},"end":{"line":15,"column":29}},"9":{"start":{"line":16,"column":12},"end":{"line":16,"column":39}},"10":{"start":{"line":17,"column":12},"end":{"line":17,"column":28}},"11":{"start":{"line":18,"column":12},"end":{"line":18,"column":28}},"12":{"start":{"line":19,"column":12},"end":{"line":24,"column":13}},"13":{"start":{"line":20,"column":16},"end":{"line":23,"column":17}},"14":{"start":{"line":21,"column":29},"end":{"line":21,"column":35}},"15":{"start":{"line":22,"column":20},"end":{"line":22,"column":34}},"16":{"start":{"line":29,"column":4},"end":{"line":39,"column":7}},"17":{"start":{"line":31,"column":12},"end":{"line":31,"column":30}},"18":{"start":{"line":34,"column":12},"end":{"line":34,"column":39}},"19":{"start":{"line":40,"column":4},"end":{"line":42,"column":6}},"20":{"start":{"line":41,"column":8},"end":{"line":41,"column":29}},"21":{"start":{"line":43,"column":4},"end":{"line":45,"column":6}},"22":{"start":{"line":44,"column":8},"end":{"line":44,"column":28}},"23":{"start":{"line":46,"column":4},"end":{"line":48,"column":6}},"24":{"start":{"line":47,"column":8},"end":{"line":47,"column":30}},"25":{"start":{"line":49,"column":4},"end":{"line":56,"column":6}},"26":{"start":{"line":50,"column":8},"end":{"line":55,"column":9}},"27":{"start":{"line":51,"column":12},"end":{"line":54,"column":13}},"28":{"start":{"line":52,"column":25},"end":{"line":52,"column":31}},"29":{"start":{"line":53,"column":16},"end":{"line":53,"column":21}},"30":{"start":{"line":57,"column":4},"end":{"line":64,"column":6}},"31":{"start":{"line":58,"column":8},"end":{"line":63,"column":9}},"32":{"start":{"line":59,"column":12},"end":{"line":62,"column":13}},"33":{"start":{"line":60,"column":25},"end":{"line":60,"column":31}},"34":{"start":{"line":61,"column":16},"end":{"line":61,"column":21}},"35":{"start":{"line":65,"column":4},"end":{"line":72,"column":6}},"36":{"start":{"line":66,"column":8},"end":{"line":71,"column":9}},"37":{"start":{"line":67,"column":12},"end":{"line":70,"column":13}},"38":{"start":{"line":68,"column":25},"end":{"line":68,"column":31}},"39":{"start":{"line":69,"column":16},"end":{"line":69,"column":30}},"40":{"start":{"line":73,"column":4},"end":{"line":73,"column":19}},"41":{"start":{"line":75,"column":0},"end":{"line":75,"column":26}}},"fnMap":{"0":{"name":"(anonymous_0)","decl":{"start":{"line":3,"column":15},"end":{"line":3,"column":16}},"loc":{"start":{"line":3,"column":27},"end":{"line":74,"column":1}},"line":3},"1":{"name":"Content","decl":{"start":{"line":4,"column":13},"end":{"line":4,"column":20}},"loc":{"start":{"line":4,"column":23},"end":{"line":9,"column":5}},"line":4},"2":{"name":"(anonymous_2)","decl":{"start":{"line":11,"column":13},"end":{"line":11,"column":14}},"loc":{"start":{"line":11,"column":25},"end":{"line":13,"column":9}},"line":11},"3":{"name":"(anonymous_3)","decl":{"start":{"line":14,"column":13},"end":{"line":14,"column":14}},"loc":{"start":{"line":14,"column":29},"end":{"line":25,"column":9}},"line":14},"4":{"name":"(anonymous_4)","decl":{"start":{"line":30,"column":13},"end":{"line":30,"column":14}},"loc":{"start":{"line":30,"column":25},"end":{"line":32,"column":9}},"line":30},"5":{"name":"(anonymous_5)","decl":{"start":{"line":33,"column":13},"end":{"line":33,"column":14}},"loc":{"start":{"line":33,"column":38},"end":{"line":36,"column":9}},"line":33},"6":{"name":"(anonymous_6)","decl":{"start":{"line":40,"column":40},"end":{"line":40,"column":41}},"loc":{"start":{"line":40,"column":54},"end":{"line":42,"column":5}},"line":40},"7":{"name":"(anonymous_7)","decl":{"start":{"line":43,"column":44},"end":{"line":43,"column":45}},"loc":{"start":{"line":43,"column":58},"end":{"line":45,"column":5}},"line":43},"8":{"name":"(anonymous_8)","decl":{"start":{"line":46,"column":39},"end":{"line":46,"column":40}},"loc":{"start":{"line":46,"column":53},"end":{"line":48,"column":5}},"line":46},"9":{"name":"(anonymous_9)","decl":{"start":{"line":49,"column":33},"end":{"line":49,"column":34}},"loc":{"start":{"line":49,"column":45},"end":{"line":56,"column":5}},"line":49},"10":{"name":"(anonymous_10)","decl":{"start":{"line":57,"column":30},"end":{"line":57,"column":31}},"loc":{"start":{"line":57,"column":42},"end":{"line":64,"column":5}},"line":57},"11":{"name":"(anonymous_11)","decl":{"start":{"line":65,"column":29},"end":{"line":65,"column":30}},"loc":{"start":{"line":65,"column":45},"end":{"line":72,"column":5}},"line":65}},"branchMap":{"0":{"loc":{"start":{"line":19,"column":12},"end":{"line":24,"column":13}},"type":"if","locations":[{"start":{"line":19,"column":12},"end":{"line":24,"column":13}},{"start":{"line":19,"column":12},"end":{"line":24,"column":13}}],"line":19},"1":{"loc":{"start":{"line":50,"column":8},"end":{"line":55,"column":9}},"type":"if","locations":[{"start":{"line":50,"column":8},"end":{"line":55,"column":9}},{"start":{"line":50,"column":8},"end":{"line":55,"column":9}}],"line":50},"2":{"loc":{"start":{"line":58,"column":8},"end":{"line":63,"column":9}},"type":"if","locations":[{"start":{"line":58,"column":8},"end":{"line":63,"column":9}},{"start":{"line":58,"column":8},"end":{"line":63,"column":9}}],"line":58},"3":{"loc":{"start":{"line":66,"column":8},"end":{"line":71,"column":9}},"type":"if","locations":[{"start":{"line":66,"column":8},"end":{"line":71,"column":9}},{"start":{"line":66,"column":8},"end":{"line":71,"column":9}}],"line":66}},"s":{"0":1,"1":1,"2":20,"3":20,"4":20,"5":20,"6":1,"7":29,"8":26,"9":26,"10":26,"11":26,"12":26,"13":26,"14":0,"15":0,"16":1,"17":0,"18":10,"19":1,"20":1,"21":1,"22":0,"23":1,"24":0,"25":1,"26":0,"27":0,"28":0,"29":0,"30":1,"31":0,"32":0,"33":0,"34":0,"35":1,"36":0,"37":0,"38":0,"39":0,"40":1,"41":1},"f":{"0":1,"1":20,"2":29,"3":26,"4":0,"5":10,"6":1,"7":0,"8":0,"9":0,"10":0,"11":0},"b":{"0":[26,0],"1":[0,0],"2":[0,0],"3":[0,0]},"_coverageSchema":"332fd63041d2c1bcb487cc26dd0d5f7d97098a6c","hash":"226d8d1abe85e3b8e43a6467d85eee76b4f72b14","contentHash":"980da3a7a904ad39c63b616487d3ec18_10.3.2"},"/Users/yukiosaki/Documents/Personal/packman/src/game/logic/grid/contents/player.ts":{"path":"/Users/yukiosaki/Documents/Personal/packman/src/game/logic/grid/contents/player.ts","statementMap":{"0":{"start":{"line":2,"column":16},"end":{"line":11,"column":4}},"1":{"start":{"line":3,"column":24},"end":{"line":5,"column":82}},"2":{"start":{"line":4,"column":65},"end":{"line":4,"column":81}},"3":{"start":{"line":5,"column":26},"end":{"line":5,"column":80}},"4":{"start":{"line":5,"column":43},"end":{"line":5,"column":80}},"5":{"start":{"line":5,"column":68},"end":{"line":5,"column":80}},"6":{"start":{"line":6,"column":4},"end":{"line":10,"column":6}},"7":{"start":{"line":7,"column":8},"end":{"line":7,"column":28}},"8":{"start":{"line":8,"column":24},"end":{"line":8,"column":45}},"9":{"start":{"line":9,"column":8},"end":{"line":9,"column":93}},"10":{"start":{"line":12,"column":0},"end":{"line":12,"column":62}},"11":{"start":{"line":13,"column":19},"end":{"line":13,"column":60}},"12":{"start":{"line":14,"column":16},"end":{"line":14,"column":37}},"13":{"start":{"line":15,"column":16},"end":{"line":15,"column":51}},"14":{"start":{"line":16,"column":14},"end":{"line":99,"column":20}},"15":{"start":{"line":17,"column":4},"end":{"line":17,"column":30}},"16":{"start":{"line":19,"column":20},"end":{"line":19,"column":45}},"17":{"start":{"line":20,"column":8},"end":{"line":20,"column":53}},"18":{"start":{"line":21,"column":8},"end":{"line":21,"column":27}},"19":{"start":{"line":22,"column":8},"end":{"line":22,"column":27}},"20":{"start":{"line":23,"column":8},"end":{"line":23,"column":28}},"21":{"start":{"line":24,"column":8},"end":{"line":24,"column":29}},"22":{"start":{"line":25,"column":8},"end":{"line":25,"column":47}},"23":{"start":{"line":26,"column":8},"end":{"line":26,"column":21}},"24":{"start":{"line":28,"column":4},"end":{"line":34,"column":6}},"25":{"start":{"line":29,"column":8},"end":{"line":29,"column":55}},"26":{"start":{"line":30,"column":8},"end":{"line":33,"column":9}},"27":{"start":{"line":31,"column":21},"end":{"line":31,"column":27}},"28":{"start":{"line":32,"column":12},"end":{"line":32,"column":17}},"29":{"start":{"line":35,"column":4},"end":{"line":37,"column":6}},"30":{"start":{"line":36,"column":8},"end":{"line":36,"column":32}},"31":{"start":{"line":38,"column":4},"end":{"line":44,"column":6}},"32":{"start":{"line":39,"column":18},"end":{"line":39,"column":28}},"33":{"start":{"line":41,"column":8},"end":{"line":41,"column":28}},"34":{"start":{"line":42,"column":8},"end":{"line":42,"column":39}},"35":{"start":{"line":45,"column":4},"end":{"line":68,"column":6}},"36":{"start":{"line":46,"column":23},"end":{"line":46,"column":58}},"37":{"start":{"line":47,"column":8},"end":{"line":49,"column":9}},"38":{"start":{"line":48,"column":12},"end":{"line":48,"column":19}},"39":{"start":{"line":52,"column":8},"end":{"line":57,"column":9}},"40":{"start":{"line":53,"column":12},"end":{"line":53,"column":27}},"41":{"start":{"line":54,"column":12},"end":{"line":54,"column":45}},"42":{"start":{"line":55,"column":12},"end":{"line":55,"column":45}},"43":{"start":{"line":56,"column":12},"end":{"line":56,"column":19}},"44":{"start":{"line":59,"column":8},"end":{"line":63,"column":9}},"45":{"start":{"line":60,"column":12},"end":{"line":60,"column":45}},"46":{"start":{"line":61,"column":12},"end":{"line":61,"column":45}},"47":{"start":{"line":62,"column":12},"end":{"line":62,"column":19}},"48":{"start":{"line":64,"column":8},"end":{"line":66,"column":9}},"49":{"start":{"line":65,"column":12},"end":{"line":65,"column":57}},"50":{"start":{"line":67,"column":8},"end":{"line":67,"column":41}},"51":{"start":{"line":69,"column":4},"end":{"line":71,"column":6}},"52":{"start":{"line":70,"column":8},"end":{"line":70,"column":129}},"53":{"start":{"line":72,"column":4},"end":{"line":81,"column":6}},"54":{"start":{"line":73,"column":23},"end":{"line":73,"column":58}},"55":{"start":{"line":74,"column":8},"end":{"line":79,"column":9}},"56":{"start":{"line":75,"column":12},"end":{"line":75,"column":61}},"57":{"start":{"line":77,"column":13},"end":{"line":79,"column":9}},"58":{"start":{"line":78,"column":12},"end":{"line":78,"column":86}},"59":{"start":{"line":80,"column":8},"end":{"line":80,"column":24}},"60":{"start":{"line":82,"column":4},"end":{"line":94,"column":6}},"61":{"start":{"line":83,"column":8},"end":{"line":85,"column":9}},"62":{"start":{"line":84,"column":12},"end":{"line":84,"column":24}},"63":{"start":{"line":87,"column":8},"end":{"line":89,"column":9}},"64":{"start":{"line":88,"column":12},"end":{"line":88,"column":24}},"65":{"start":{"line":91,"column":8},"end":{"line":93,"column":9}},"66":{"start":{"line":92,"column":12},"end":{"line":92,"column":24}},"67":{"start":{"line":95,"column":4},"end":{"line":97,"column":6}},"68":{"start":{"line":96,"column":8},"end":{"line":96,"column":109}},"69":{"start":{"line":98,"column":4},"end":{"line":98,"column":18}},"70":{"start":{"line":100,"column":0},"end":{"line":100,"column":24}}},"fnMap":{"0":{"name":"(anonymous_0)","decl":{"start":{"line":2,"column":45},"end":{"line":2,"column":46}},"loc":{"start":{"line":2,"column":57},"end":{"line":11,"column":1}},"line":2},"1":{"name":"(anonymous_1)","decl":{"start":{"line":4,"column":47},"end":{"line":4,"column":48}},"loc":{"start":{"line":4,"column":63},"end":{"line":4,"column":83}},"line":4},"2":{"name":"(anonymous_2)","decl":{"start":{"line":5,"column":8},"end":{"line":5,"column":9}},"loc":{"start":{"line":5,"column":24},"end":{"line":5,"column":82}},"line":5},"3":{"name":"(anonymous_3)","decl":{"start":{"line":6,"column":11},"end":{"line":6,"column":12}},"loc":{"start":{"line":6,"column":27},"end":{"line":10,"column":5}},"line":6},"4":{"name":"__","decl":{"start":{"line":8,"column":17},"end":{"line":8,"column":19}},"loc":{"start":{"line":8,"column":22},"end":{"line":8,"column":47}},"line":8},"5":{"name":"(anonymous_5)","decl":{"start":{"line":16,"column":14},"end":{"line":16,"column":15}},"loc":{"start":{"line":16,"column":32},"end":{"line":99,"column":1}},"line":16},"6":{"name":"Player","decl":{"start":{"line":18,"column":13},"end":{"line":18,"column":19}},"loc":{"start":{"line":18,"column":22},"end":{"line":27,"column":5}},"line":18},"7":{"name":"(anonymous_7)","decl":{"start":{"line":28,"column":31},"end":{"line":28,"column":32}},"loc":{"start":{"line":28,"column":43},"end":{"line":34,"column":5}},"line":28},"8":{"name":"(anonymous_8)","decl":{"start":{"line":35,"column":45},"end":{"line":35,"column":46}},"loc":{"start":{"line":35,"column":59},"end":{"line":37,"column":5}},"line":35},"9":{"name":"(anonymous_9)","decl":{"start":{"line":38,"column":30},"end":{"line":38,"column":31}},"loc":{"start":{"line":38,"column":59},"end":{"line":44,"column":5}},"line":38},"10":{"name":"(anonymous_10)","decl":{"start":{"line":45,"column":30},"end":{"line":45,"column":31}},"loc":{"start":{"line":45,"column":59},"end":{"line":68,"column":5}},"line":45},"11":{"name":"(anonymous_11)","decl":{"start":{"line":69,"column":35},"end":{"line":69,"column":36}},"loc":{"start":{"line":69,"column":55},"end":{"line":71,"column":5}},"line":69},"12":{"name":"(anonymous_12)","decl":{"start":{"line":72,"column":35},"end":{"line":72,"column":36}},"loc":{"start":{"line":72,"column":64},"end":{"line":81,"column":5}},"line":72},"13":{"name":"(anonymous_13)","decl":{"start":{"line":82,"column":34},"end":{"line":82,"column":35}},"loc":{"start":{"line":82,"column":63},"end":{"line":94,"column":5}},"line":82},"14":{"name":"(anonymous_14)","decl":{"start":{"line":95,"column":33},"end":{"line":95,"column":34}},"loc":{"start":{"line":95,"column":49},"end":{"line":97,"column":5}},"line":95}},"branchMap":{"0":{"loc":{"start":{"line":2,"column":16},"end":{"line":11,"column":4}},"type":"binary-expr","locations":[{"start":{"line":2,"column":17},"end":{"line":2,"column":21}},{"start":{"line":2,"column":25},"end":{"line":2,"column":39}},{"start":{"line":2,"column":44},"end":{"line":11,"column":4}}],"line":2},"1":{"loc":{"start":{"line":3,"column":24},"end":{"line":5,"column":82}},"type":"binary-expr","locations":[{"start":{"line":3,"column":24},"end":{"line":3,"column":45}},{"start":{"line":4,"column":9},"end":{"line":4,"column":43}},{"start":{"line":4,"column":47},"end":{"line":4,"column":83}},{"start":{"line":5,"column":8},"end":{"line":5,"column":82}}],"line":3},"2":{"loc":{"start":{"line":5,"column":43},"end":{"line":5,"column":80}},"type":"if","locations":[{"start":{"line":5,"column":43},"end":{"line":5,"column":80}},{"start":{"line":5,"column":43},"end":{"line":5,"column":80}}],"line":5},"3":{"loc":{"start":{"line":9,"column":22},"end":{"line":9,"column":92}},"type":"cond-expr","locations":[{"start":{"line":9,"column":35},"end":{"line":9,"column":51}},{"start":{"line":9,"column":55},"end":{"line":9,"column":91}}],"line":9},"4":{"loc":{"start":{"line":19,"column":20},"end":{"line":19,"column":45}},"type":"binary-expr","locations":[{"start":{"line":19,"column":20},"end":{"line":19,"column":37}},{"start":{"line":19,"column":41},"end":{"line":19,"column":45}}],"line":19},"5":{"loc":{"start":{"line":47,"column":8},"end":{"line":49,"column":9}},"type":"if","locations":[{"start":{"line":47,"column":8},"end":{"line":49,"column":9}},{"start":{"line":47,"column":8},"end":{"line":49,"column":9}}],"line":47},"6":{"loc":{"start":{"line":52,"column":8},"end":{"line":57,"column":9}},"type":"if","locations":[{"start":{"line":52,"column":8},"end":{"line":57,"column":9}},{"start":{"line":52,"column":8},"end":{"line":57,"column":9}}],"line":52},"7":{"loc":{"start":{"line":59,"column":8},"end":{"line":63,"column":9}},"type":"if","locations":[{"start":{"line":59,"column":8},"end":{"line":63,"column":9}},{"start":{"line":59,"column":8},"end":{"line":63,"column":9}}],"line":59},"8":{"loc":{"start":{"line":64,"column":8},"end":{"line":66,"column":9}},"type":"if","locations":[{"start":{"line":64,"column":8},"end":{"line":66,"column":9}},{"start":{"line":64,"column":8},"end":{"line":66,"column":9}}],"line":64},"9":{"loc":{"start":{"line":70,"column":15},"end":{"line":70,"column":128}},"type":"binary-expr","locations":[{"start":{"line":70,"column":15},"end":{"line":70,"column":32}},{"start":{"line":70,"column":36},"end":{"line":70,"column":98}},{"start":{"line":70,"column":102},"end":{"line":70,"column":128}}],"line":70},"10":{"loc":{"start":{"line":74,"column":8},"end":{"line":79,"column":9}},"type":"if","locations":[{"start":{"line":74,"column":8},"end":{"line":79,"column":9}},{"start":{"line":74,"column":8},"end":{"line":79,"column":9}}],"line":74},"11":{"loc":{"start":{"line":74,"column":12},"end":{"line":74,"column":64}},"type":"binary-expr","locations":[{"start":{"line":74,"column":12},"end":{"line":74,"column":51}},{"start":{"line":74,"column":55},"end":{"line":74,"column":64}}],"line":74},"12":{"loc":{"start":{"line":77,"column":13},"end":{"line":79,"column":9}},"type":"if","locations":[{"start":{"line":77,"column":13},"end":{"line":79,"column":9}},{"start":{"line":77,"column":13},"end":{"line":79,"column":9}}],"line":77},"13":{"loc":{"start":{"line":77,"column":17},"end":{"line":77,"column":44}},"type":"binary-expr","locations":[{"start":{"line":77,"column":17},"end":{"line":77,"column":31}},{"start":{"line":77,"column":35},"end":{"line":77,"column":44}}],"line":77},"14":{"loc":{"start":{"line":83,"column":8},"end":{"line":85,"column":9}},"type":"if","locations":[{"start":{"line":83,"column":8},"end":{"line":85,"column":9}},{"start":{"line":83,"column":8},"end":{"line":85,"column":9}}],"line":83},"15":{"loc":{"start":{"line":87,"column":8},"end":{"line":89,"column":9}},"type":"if","locations":[{"start":{"line":87,"column":8},"end":{"line":89,"column":9}},{"start":{"line":87,"column":8},"end":{"line":89,"column":9}}],"line":87},"16":{"loc":{"start":{"line":91,"column":8},"end":{"line":93,"column":9}},"type":"if","locations":[{"start":{"line":91,"column":8},"end":{"line":93,"column":9}},{"start":{"line":91,"column":8},"end":{"line":93,"column":9}}],"line":91},"17":{"loc":{"start":{"line":96,"column":15},"end":{"line":96,"column":108}},"type":"binary-expr","locations":[{"start":{"line":96,"column":15},"end":{"line":96,"column":82}},{"start":{"line":96,"column":86},"end":{"line":96,"column":108}}],"line":96}},"s":{"0":1,"1":1,"2":0,"3":0,"4":0,"5":0,"6":1,"7":1,"8":1,"9":1,"10":1,"11":1,"12":1,"13":1,"14":1,"15":1,"16":10,"17":10,"18":10,"19":10,"20":10,"21":10,"22":10,"23":10,"24":1,"25":1,"26":1,"27":0,"28":0,"29":1,"30":1,"31":1,"32":0,"33":0,"34":0,"35":1,"36":1,"37":1,"38":0,"39":1,"40":1,"41":1,"42":1,"43":1,"44":0,"45":0,"46":0,"47":0,"48":0,"49":0,"50":0,"51":1,"52":0,"53":1,"54":3,"55":3,"56":1,"57":2,"58":1,"59":3,"60":1,"61":4,"62":0,"63":4,"64":1,"65":3,"66":2,"67":1,"68":3,"69":1,"70":1},"f":{"0":1,"1":0,"2":0,"3":1,"4":1,"5":1,"6":10,"7":1,"8":1,"9":0,"10":1,"11":0,"12":3,"13":4,"14":3},"b":{"0":[1,1,1],"1":[1,0,0,0],"2":[0,0],"3":[0,1],"4":[10,10],"5":[0,1],"6":[1,0],"7":[0,0],"8":[0,0],"9":[0,0,0],"10":[1,2],"11":[3,1],"12":[1,1],"13":[2,2],"14":[0,4],"15":[1,3],"16":[2,1],"17":[3,2]},"_coverageSchema":"332fd63041d2c1bcb487cc26dd0d5f7d97098a6c","hash":"524be5592bccc63d458ba9292db7c23f9110d3e3","contentHash":"e18e14a09f6957c6c1b244266b1cb452_10.3.2"},"/Users/yukiosaki/Documents/Personal/packman/src/test/helpers.ts":{"path":"/Users/yukiosaki/Documents/Personal/packman/src/test/helpers.ts","statementMap":{"0":{"start":{"line":2,"column":0},"end":{"line":2,"column":62}},"1":{"start":{"line":3,"column":19},"end":{"line":3,"column":59}},"2":{"start":{"line":4,"column":15},"end":{"line":81,"column":3}},"3":{"start":{"line":7,"column":4},"end":{"line":18,"column":6}},"4":{"start":{"line":8,"column":8},"end":{"line":15,"column":9}},"5":{"start":{"line":9,"column":12},"end":{"line":14,"column":13}},"6":{"start":{"line":11,"column":16},"end":{"line":13,"column":17}},"7":{"start":{"line":12,"column":20},"end":{"line":12,"column":54}},"8":{"start":{"line":16,"column":8},"end":{"line":16,"column":57}},"9":{"start":{"line":17,"column":8},"end":{"line":17,"column":25}},"10":{"start":{"line":19,"column":4},"end":{"line":31,"column":6}},"11":{"start":{"line":20,"column":21},"end":{"line":20,"column":23}},"12":{"start":{"line":21,"column":8},"end":{"line":28,"column":9}},"13":{"start":{"line":22,"column":12},"end":{"line":27,"column":13}},"14":{"start":{"line":23,"column":16},"end":{"line":26,"column":17}},"15":{"start":{"line":24,"column":32},"end":{"line":24,"column":50}},"16":{"start":{"line":25,"column":20},"end":{"line":25,"column":47}},"17":{"start":{"line":29,"column":8},"end":{"line":29,"column":38}},"18":{"start":{"line":30,"column":8},"end":{"line":30,"column":57}},"19":{"start":{"line":32,"column":4},"end":{"line":36,"column":6}},"20":{"start":{"line":33,"column":8},"end":{"line":35,"column":9}},"21":{"start":{"line":34,"column":12},"end":{"line":34,"column":49}},"22":{"start":{"line":37,"column":4},"end":{"line":39,"column":6}},"23":{"start":{"line":38,"column":8},"end":{"line":38,"column":33}},"24":{"start":{"line":40,"column":4},"end":{"line":42,"column":6}},"25":{"start":{"line":41,"column":8},"end":{"line":41,"column":88}},"26":{"start":{"line":43,"column":4},"end":{"line":45,"column":6}},"27":{"start":{"line":44,"column":8},"end":{"line":44,"column":93}},"28":{"start":{"line":46,"column":4},"end":{"line":49,"column":6}},"29":{"start":{"line":47,"column":21},"end":{"line":47,"column":33}},"30":{"start":{"line":48,"column":8},"end":{"line":48,"column":73}},"31":{"start":{"line":50,"column":4},"end":{"line":55,"column":6}},"32":{"start":{"line":51,"column":8},"end":{"line":53,"column":9}},"33":{"start
[...]
{"line":51,"column":12},"end":{"line":53,"column":13}},{"start":{"line":51,"column":12},"end":{"line":53,"column":13}}],"line":51},"7":{"loc":{"start":{"line":51,"column":16},"end":{"line":51,"column":92}},"type":"binary-expr","locations":[{"start":{"line":51,"column":16},"end":{"line":51,"column":52}},{"start":{"line":51,"column":56},"end":{"line":51,"column":92}}],"line":51},"8":{"loc":{"start":{"line":56,"column":16},"end":{"line":58,"column":17}},"type":"if","locations":[{"start":{"line":56,"column":16},"end":{"line":58,"column":17}},{"start":{"line":56,"column":16},"end":{"line":58,"column":17}}],"line":56},"9":{"loc":{"start":{"line":56,"column":20},"end":{"line":56,"column":106}},"type":"binary-expr","locations":[{"start":{"line":56,"column":20},"end":{"line":56,"column":41}},{"start":{"line":56,"column":45},"end":{"line":56,"column":106}}],"line":56},"10":{"loc":{"start":{"line":59,"column":16},"end":{"line":63,"column":17}},"type":"if","locations":[{"start":{"line":59,"column":16},"end":{"line":63,"column":17}},{"start":{"line":59,"column":16},"end":{"line":63,"column":17}}],"line":59}},"s":{"0":1,"1":1,"2":1,"3":3,"4":1,"5":2,"6":2,"7":2,"8":2,"9":7,"10":7,"11":2,"12":5,"13":5,"14":12,"15":3,"16":9,"17":5,"18":5,"19":2,"20":1,"21":2,"22":2,"23":2,"24":6,"25":6,"26":6,"27":18,"28":18,"29":1,"30":2,"31":2,"32":2,"33":2,"34":2,"35":2,"36":10,"37":10,"38":10,"39":2,"40":8,"41":8,"42":26,"43":11,"44":15,"45":9,"46":9,"47":9,"48":1,"49":1,"50":1,"51":2,"52":1,"53":11,"54":1,"55":10,"56":1,"57":10,"58":1},"f":{"0":1,"1":3,"2":2,"3":2,"4":2,"5":1,"6":2,"7":11,"8":10,"9":10},"b":{"0":[2,5],"1":[7,2],"2":[3,9],"3":[12,9],"4":[5,4],"5":[9,9],"6":[2,8],"7":[10,4],"8":[11,15],"9":[26,23],"10":[9,6]},"_coverageSchema":"332fd63041d2c1bcb487cc26dd0d5f7d97098a6c","hash":"8600b06ac03e95ba1523009e686d68be1787de21","contentHash":"577e7d0428cffe6a1408f7d4b22c35c4_10.3.2"},"/Users/yukiosaki/Documents/Personal/packman/src/game/const.ts":{"path":"/Users/yukiosaki/Documents/Personal/packman/src/game/const.ts","statementMap":{"0":{"start":{"line":2,"column":0},"end":{"line":2,"column":62}},"1":{"start":{"line":3,"column":0},"end":{"line":32,"column":2}},"2":{"start":{"line":33,"column":0},"end":{"line":33,"column":30}},"3":{"start":{"line":34,"column":0},"end":{"line":34,"column":31}},"4":{"start":{"line":35,"column":0},"end":{"line":35,"column":32}},"5":{"start":{"line":36,"column":0},"end":{"line":36,"column":29}},"6":{"start":{"line":37,"column":0},"end":{"line":37,"column":29}},"7":{"start":{"line":38,"column":0},"end":{"line":38,"column":26}},"8":{"start":{"line":39,"column":0},"end":{"line":39,"column":28}}},"fnMap":{},"branchMap":{},"s":{"0":1,"1":1,"2":1,"3":1,"4":1,"5":1,"6":1,"7":1,"8":1},"f":{},"b":{},"_coverageSchema":"332fd63041d2c1bcb487cc26dd0d5f7d97098a6c","hash":"8e0a2749dbc4b6f5585351bf428c277616b2e9eb","contentHash":"dbb2048589dc2e3cfb1deb2939e374ce_10.3.2"},"/Users/yukiosaki/Documents/Personal/packman/src/game/logic/enemyManager/controllers/greenController.ts":{"path":"/Users/yukiosaki/Documents/Personal/packman/src/game/logic/enemyManager/controllers/greenController.ts","statementMap":{"0":{"start":{"line":2,"column":16},"end":{"line":11,"column":4}},"1":{"start":{"line":3,"column":24},"end":{"line":5,"column":82}},"2":{"start":{"line":4,"column":65},"end":{"line":4,"column":81}},"3":{"start":{"line":5,"column":26},"end":{"line":5,"column":80}},"4":{"start":{"line":5,"column":43},"end":{"line":5,"column":80}},"5":{"start":{"line":5,"column":68},"end":{"line":5,"column":80}},"6":{"start":{"line":6,"column":4},"end":{"line":10,"column":6}},"7":{"start":{"line":7,"column":8},"end":{"line":7,"column":28}},"8":{"start":{"line":8,"column":24},"end":{"line":8,"column":45}},"9":{"start":{"line":9,"column":8},"end":{"line":9,"column":93}},"10":{"start":{"line":12,"column":0},"end":{"line":12,"column":62}},"11":{"start":{"line":13,"column":24},"end":{"line":13,"column":53}},"12":{"start":{"line":14,"column":28},"end":{"line":20,"column":36}},"13":{"start":{"line":15,"column":4},"end":{"line":15,"column":44}},"14":{"start":{"line":17,"column":8},"end":{"line":17,"column":82}},"15":{"start":{"line":19,"column":4},"end":{"line":19,"column":32}},"16":{"start":{"line":21,"column":0},"end":{"line":21,"column":52}}},"fnMap":{"0":{"name":"(anonymous_0)","decl":{"start":{"line":2,"column":45},"end":{"line":2,"column":46}},"loc":{"start":{"line":2,"column":57},"end":{"line":11,"column":1}},"line":2},"1":{"name":"(anonymous_1)","decl":{"start":{"line":4,"column":47},"end":{"line":4,"column":48}},"loc":{"start":{"line":4,"column":63},"end":{"line":4,"column":83}},"line":4},"2":{"name":"(anonymous_2)","decl":{"start":{"line":5,"column":8},"end":{"line":5,"column":9}},"loc":{"start":{"line":5,"column":24},"end":{"line":5,"column":82}},"line":5},"3":{"name":"(anonymous_3)","decl":{"start":{"line":6,"column":11},"end":{"line":6,"column":12}},"loc":{"start":{"line":6,"column":27},"end":{"line":10,"column":5}},"line":6},"4":{"name":"__","decl":{"start":{"line":8,"column":17},"end":{"line":8,"column":19}},"loc":{"start":{"line":8,"column":22},"end":{"line":8,"column":47}},"line":8},"5":{"name":"(anonymous_5)","decl":{"start":{"line":14,"column":28},"end":{"line":14,"column":29}},"loc":{"start":{"line":14,"column":46},"end":{"line":20,"column":1}},"line":14},"6":{"name":"GreenEnemyController","decl":{"start":{"line":16,"column":13},"end":{"line":16,"column":33}},"loc":{"start":{"line":16,"column":55},"end":{"line":18,"column":5}},"line":16}},"branchMap":{"0":{"loc":{"start":{"line":2,"column":16},"end":{"line":11,"column":4}},"type":"binary-expr","locations":[{"start":{"line":2,"column":17},"end":{"line":2,"column":21}},{"start":{"line":2,"column":25},"end":{"line":2,"column":39}},{"start":{"line":2,"column":44},"end":{"line":11,"column":4}}],"line":2},"1":{"loc":{"start":{"line":3,"column":24},"end":{"line":5,"column":82}},"type":"binary-expr","locations":[{"start":{"line":3,"column":24},"end":{"line":3,"column":45}},{"start":{"line":4,"column":9},"end":{"line":4,"column":43}},{"start":{"line":4,"column":47},"end":{"line":4,"column":83}},{"start":{"line":5,"column":8},"end":{"line":5,"column":82}}],"line":3},"2":{"loc":{"start":{"line":5,"column":43},"end":{"line":5,"column":80}},"type":"if","locations":[{"start":{"line":5,"column":43},"end":{"line":5,"column":80}},{"start":{"line":5,"column":43},"end":{"line":5,"column":80}}],"line":5},"3":{"loc":{"start":{"line":9,"column":22},"end":{"line":9,"column":92}},"type":"cond-expr","locations":[{"start":{"line":9,"column":35},"end":{"line":9,"column":51}},{"start":{"line":9,"column":55},"end":{"line":9,"column":91}}],"line":9},"4":{"loc":{"start":{"line":17,"column":15},"end":{"line":17,"column":81}},"type":"binary-expr","locations":[{"start":{"line":17,"column":15},"end":{"line":17,"column":73}},{"start":{"line":17,"column":77},"end":{"line":17,"column":81}}],"line":17}},"s":{"0":1,"1":1,"2":0,"3":0,"4":0,"5":0,"6":1,"7":1,"8":1,"9":1,"10":1,"11":1,"12":1,"13":1,"14":1,"15":1,"16":1},"f":{"0":1,"1":0,"2":0,"3":1,"4":1,"5":1,"6":1},"b":{"0":[1,1,1],"1":[1,0,0,0],"2":[0,0],"3":[0,1],"4":[1,1]},"_coverageSchema":"332fd63041d2c1bcb487cc26dd0d5f7d97098a6c","hash":"3271a2918c135c5a3668e881fc44b2be043216ce","contentHash":"7724728699a3942b499400044d771459_10.3.2"},"/Users/yukiosaki/Documents/Personal/packman/src/game/logic/enemyManager/enemyController.ts":{"path":"/Users/yukiosaki/Documents/Personal/packman/src/game/logic/enemyManager/enemyController.ts","statementMap":{"0":{"start":{"line":2,"column":0},"end":{"line":2,"column":62}},"1":{"start":{"line":3,"column":19},"end":{"line":3,"column":57}},"2":{"start":{"line":4,"column":17},"end":{"line":4,"column":48}},"3":{"start":{"line":5,"column":23},"end":{"line":117,"column":3}},"4":{"start":{"line":7,"column":20},"end":{"line":7,"column":24}},"5":{"start":{"line":8,"column":8},"end":{"line":8,"column":26}},"6":{"start":{"line":9,"column":8},"end":{"line":9,"column":28}},"7":{"start":{"line":10,"column":8},"end":{"line":10,"column":38}},"8":{"start":{"line":11,"column":8},"end":{"line":11,"column":33}},"9":{"start":{"line":12,"column":8},"end":{"line":12,"column":25}},"10":{"start":{"line":13,"column":8},"end":{"line":13,"column":29}},"11":{"start":{"line":14,"column":8},"end":{"line":14,"column":27}},"12":{"start":{"line":15,"column":8},"end":{"line":15,"column":21}},"13":{"start":{"line":16,"column":8},"end":{"line":16,"column":105}},"14":{"start":{"line":16,"column":57},"end":{"line":16,"column":101}},"15":{"start":{"line":17,"column":8},"end":{"line":17,"column":92}},"16":{"start":{"line":17,"column":56},"end":{"line":17,"column":88}},"17":{"start":{"line":18,"column":8},"end":{"line":18,"column":67}},"18":{"start":{"line":20,"column":4},"end":{"line":22,"column":6}},"19":{"start":{"line":21,"column":8},"end":{"line":21,"column":52}},"20":{"start":{"line":23,"column":4},"end":{"line":40,"column":6}},"21":{"start":{"line":24,"column":18},"end":{"line":24,"column":28}},"22":{"start":{"line":25,"column":8},"end":{"line":25,"column":42}},"23":{"start":{"line":26,"column":8},"end":{"line":29,"column":9}},"24":{"start":{"line":27,"column":12},"end":{"line":27,"column":24}},"25":{"start":{"line":28,"column":12},"end":{"line":28,"column":19}},"26":{"start":{"line":31,"column":8},"end":{"line":34,"column":9}},"27":{"start":{"line":32,"column":12},"end":{"line":32,"column":34}},"28":{"start":{"line":33,"column":12},"end":{"line":33,"column":26}},"29":{"start":{"line":36,"column":8},"end":{"line":39,"column":9}},"30":{"start":{"line":37,"column":12},"end":{"line":37,"column":32}},"31":{"start":{"line":38,"column":12},"end":{"line":38,"column":24}},"32":{"start":{"line":41,"column":4},"end":{"line":51,"column":6}},"33":{"start":{"line":42,"column":21},"end":{"line":42,"column":40}},"34":{"start":{"line":43,"column":8},"end":{"line":48,"column":9}},"35":{"start":{"line":44,"column":12},"end":{"line":44,"column":70}},"36":{"start":{"line":47,"column":12},"end":{"line":47,"column":79}},"37":{"start":{"line":49,"column":8},"end":{"line":49,"column":49}},"38":{"start":{"line":50,"column":8},"end":{"line":50,"column":26}},"39":{"start":{"line":52,"column":4},"end":{"line":73,"column":6}},"40":{"start":{"line":53,"column":8},"end":{"line":55,"column":9}},"41":{"start":{"line":54,"column":12},"end":{"line":54,"column":19}},"42":{"start":{"line":56,"column":19},"end":{"line":56,"column":31}},"43":{"start":{"line":57,"column":8},"end":{"line":57,"column":32}},"44":{"start":{"line":58,"column":8},"end":{"line":58,"column":27}},"45":{"start":{"line":59,"column":20},"end":{"line":59,"column":44}},"46":{"start":{"line":60,"column":8},"end":{"line":72,"column":9}},"47":{"start":{"line":61,"column":12},"end":{"line":68,"column":13}},"48":{"start":{"line":63,"column":16},"end":{"line":63,"column":41}},"49":{"start":{"line":64,"column":16},"end":{"line":64,"column":49}},"50":{"start":{"line":71,"column":12},"end":{"line":71,"column":61}},"51":{"start":{"line":74,"column":4},"end":{"line":79,"column":6}},"52":{"start":{"line":75,"column":8},"end":{"line":77,"column":9}},"53":{"start":{"line":76,"column":12},"end":{"line":76,"column":72}},"54":{"start":{"line":78,"column":8},"end":{"line":78,"column":20}},"55":{"start":{"line":80,"column":4},"end":{"line":94,"column":6}},"56":{"start":{"line":81,"column":8},"end":{"line":92,"column":9}},"57":{"start":{"line":82,"column":12},"end":{"line":82,"column":48}},"58":{"start":{"line":84,"column":13},"end":{"line":92,"column":9}},"59":{"start":{"line":85,"column":12},"end":{"line":85,"column":47}},"60":{"start":{"line":87,"column":13},"end":{"line":92,"column":9}},"61":{"start":{"line":88,"column":12},"end":{"line":88,"column":47}},"62":{"start":{"line":90,"column":13},"end":{"line":92,"column":9}},"63":{"start":{"line":91,"column":12},"end":{"line":91,"column":45}},"64":{"start":{"line":93,"column":8},"end":{"line":93,"column":45}},"65":{"start":{"line":95,"column":4},"end":{"line":104,"column":6}},"66":{"start":{"line":96,"column":18},"end":{"line":96,"column":28}},"67":{"start":{"line":97,"column":8},"end":{"line":97,"column":35}},"68":{"start":{"line":98,"column":8},"end":{"line":98,"column":43}},"69":{"start":{"line":99,"column":8},"end":{"line":99,"column":37}},"70":{"start":{"line":100,"column":8},"end":{"line":100,"column":75}},"71":{"start":{"line":101,"column":8},"end":{"line":101,"column":49}},"72":{"start":{"line":102,"column":8},"end":{"line":102,"column":50}},"73":{"start":{"line":103,"column":8},"end":{"line":103,"column":26}},"74":{"start":{"line":105,"column":4},"end":{"line":115,"column":6}},"75":{"start":{"line":106,"column":18},"end":{"line":106,"column":28}},"76":{"start":{"line":107,"column":8},"end":{"line":113,"column":9}},"77":{"start":{"line":108,"column":12},"end":{"line":108,"column":42}},"78":{"start":{"line":109,"column":12},"end":{"line":109,"column":25}},"79":{"start":{"line":111,"column":13},"end":{"line":113,"column":9}},"80":{"start":{"line":112,"column":12},"end":{"line":112,"column":24}},"81":{"start":{"line":114,"column":8},"end":{"line":114,"column":21}},"82":{"start":{"line":116,"column":4},"end":{"line":116,"column":27}},"83":{"start":{"line":118,"column":0},"end":{"line":118,"column":42}}},"fnMap":{"0":{"name":"(anonymous_0)","decl":{"start":{"line":5,"column":23},"end":{"line":5,"column":24}},"loc":{"start":{"line":5,"column":35},"end":{"line":117,"column":1}},"line":5},"1":{"name":"EnemyController","decl":{"start":{"line":6,"column":13},"end":{"line":6,"column":28}},"loc":{"start":{"line":6,"column":54},"end":{"line":19,"column":5}},"line":6},"2":{"name":"(anonymous_2)","decl":{"start":{"line":16,"column":36},"end":{"line":16,"column":37}},"loc":{"start":{"line":16,"column":55},"end":{"line":16,"column":103}},"line":16},"3":{"name":"(anonymous_3)","decl":{"start":{"line":17,"column":42},"end":{"line":17,"column":43}},"loc":{"start":{"line":17,"column":54},"end":{"line":17,"column":90}},"line":17},"4":{"name":"(anonymous_4)","decl":{"start":{"line":20,"column":54},"end":{"line":20,"column":55}},"loc":{"start":{"line":20,"column":87},"end":{"line":22,"column":5}},"line":20},"5":{"name":"(anonymous_5)","decl":{"start":{"line":23,"column":39},"end":{"line":23,"column":40}},"loc":{"start":{"line":23,"column":51},"end":{"line":40,"column":5}},"line":23},"6":{"name":"(anonymous_6)","decl":{"start":{"line":41,"column":39},"end":{"line":41,"column":40}},"loc":{"start":{"line":41,"column":51},"end":{"line":51,"column":5}},"line":41},"7":{"name":"(anonymous_7)","decl":{"start":{"line":52,"column":37},"end":{"line":52,"column":38}},"loc":{"start":{"line":52,"column":49},"end":{"line":73,"column":5}},"line":52},"8":{"name":"(anonymous_8)","decl":{"start":{"line":74,"column":40},"end":{"line":74,"column":41}},"loc":{"start":{"line":74,"column":56},"end":{"line":79,"column":5}},"line":74},"9":{"name":"(anonymous_9)","decl":{"start":{"line":80,"column":45},"end":{"line":80,"column":46}},"loc":{"start":{"line":80,"column":80},"end":{"line":94,"column":5}},"line":80},"10":{"name":"(anonymous_10)","decl":{"start":{"line":95,"column":49},"end":{"line":95,"column":50}},"loc":{"start":{"line":95,"column":61},"end":{"line":104,"column":5}},"line":95},"11":{"name":"(anonymous_11)","decl":{"start":{"line":105,"column":46},"end":{"line":105,"column":47}},"loc":{"start":{"line":105,"column":58},"end":{"line":115,"column":5}},"line":105}},"branchMap":{"0":{"loc":{"start":{"line":26,"column":8},"end":{"line":29,"column":9}},"type":"if","locations":[{"start":{"line":26,"column":8},"end":{"line":29,"column":9}},{"start":{"line":26,"column":8},"end":{"line":29,"column":9}}],"line":26},"1":{"loc":{"start":{"line":31,"column":8},"end":{"line":34,"column":9}},"type":"if","locations":[{"start":{"line":31,"column":8},"end":{"line":34,"column":9}},{"start":{"line":31,"column":8},"end":{"line":34,"column":9}}],"line":31},"2":{"loc":{"start":{"line":36,"column":8},"end":{"line":39,"column":9}},"type":"if","locations":[{"start":{"line":36,"column":8},"end":{"line":39,"column":9}},{"start":{"line":36,"column":8},"end":{"line":39,"column":9}}],"line":36},"3":{"loc":{"start":{"line":43,"column":8},"end":{"line":48,"column":9}},"type":"if","locations":[{"start":{"line":43,"column":8},"end":{"line":48,"column":9}},{"start":{"line":43,"column":8},"end":{"line":48,"column":9}}],"line":43},"4":{"loc":{"start":{"line":53,"column":8},"end":{"line":55,"column":9}},"type":"if","locations":[{"start":{"line":53,"column":8},"end":{"line":55,"column":9}},{"start":{"line":53,"column":8},"end":{"line":55,"column":9}}],"line":53},"5":{"loc":{"start":{"line":53,"column":12},"end":{"line":53,"column":48}},"type":"binary-expr","locations":[{"start":{"line":53,"column":12},"end":{"line":53,"column":22}},{"start":{"line":53,"column":26},"end":{"line":53,"column":48}}],"line":53},"6":{"loc":{"start":{"line":60,"column":8},"end":{"line":72,"column":9}},"type":"if","locations":[{"start":{"line":60,"column":8},"end":{"line":72,"column":9}},{"start":{"line":60,"column":8},"end":{"line":72,"column":9}}],"line":60},"7":{"loc":{"start":{"line":61,"column":12},"end":{"line":68,"column":13}},"type":"if","locations":[{"start":{"line":61,"column":12},"end":{"line":68,"column":13}},{"start":{"line":61,"column":12},"end":{"line":68,"column":13}}],"line":61},"8":{"loc":{"start":{"line":75,"column":8},"end":{"line":77,"column":9}},"type":"if","locations":[{"start":{"line":75,"column":8},"end":{"line":77,"column":9}},{"start":{"line":75,"column":8},"end":{"line":77,"column":9}}],"line":75},"9":{"loc":{"start":{"line":81,"column":8},"end":{"line":92,"column":9}},"type":"if","locations":[{"start":{"line":81,"column":8},"end":{"line":92,"column":9}},{"start":{"line":81,"column":8},"end":{"line":92,"column":9}}],"line":81},"10":{"loc":{"start":{"line":84,"column":13},"end":{"line":92,"column":9}},"type":"if","locations":[{"start":{"line":84,"column":13},"end":{"line":92,"column":9}},{"start":{"line":84,"column":13},"end":{"line":92,"column":9}}],"line":84},"11":{"loc":{"start":{"line":87,"column":13},"end":{"line":92,"column":9}},"type":"if","locations":[{"start":{"line":87,"column":13},"end":{"line":92,"column":9}},{"start":{"line":87,"column":13},"end":{"line":92,"column":9}}],"line":87},"12":{"loc":{"start":{"line":90,"column":13},"end":{"line":92,"column":9}},"type":"if","locations":[{"start":{"line":90,"column":13},"end":{"line":92,"column":9}},{"start":{"line":90,"column":13},"end":{"line":92,"column":9}}],"line":90},"13":{"loc":{"start":{"line":107,"column":8},"end":{"line":113,"column":9}},"type":"if","locations":[{"start":{"line":107,"column":8},"end":{"line":113,"column":9}},{"start":{"line":107,"column":8},"end":{"line":113,"column":9}}],"line":107},"14":{"loc":{"start":{"line":111,"column":13},"end":{"line":113,"column":9}},"type":"if","locations":[{"start":{"line":111,"column":13},"end":{"line":113,"column":9}},{"start":{"line":111,"column":13},"end":{"line":113,"column":9}}],"line":111}},"s":{"0":1,"1":1,"2":1,"3":1,"4":1,"5":1,"6":1,"7":1,"8":1,"9":1,"10":1,"11":1,"12":1,"13":1,"14":0,"15":1,"16":0,"17":1,"18":1,"19":0,"20":1,"21":0,"22":0,"23":0,"24":0,"25":0,"26":0,"27":0,"28":0,"29":0,"30":0,"31":0,"32":1,"33":0,"34":0,"35":0,"36":0,"37":0,"38":0,"39":1,"40":0,"41":0,"42":0,"43":0,"44":0,"45":0,"46":0,"47":0,"48":0,"49":0,"50":0,"51":1,"52":1,"53":1,"54":0,"55":1,"56":0,"57":0,"58":0,"59":0,"60":0,"61":0,"62":0,"63":0,"64":0,"65":1,"66":0,"67":0,"68":0,"69":0,"70":0,"71":0,"72":0,"73":0,"74":1,"75":0,"76":0,"77":0,"78":0,"79":0,"80":0,"81":0,"82":1,"83":1},"f":{"0":1,"1":1,"2":0,"3":0,"4":0,"5":0,"6":0,"7":0,"8":1,"9":0,"10":0,"11":0},"b":{"0":[0,0],"1":[0,0],"2":[0,0],"3":[0,0],"4":[0,0],"5":[0,0],"6":[0,0],"7":[0,0],"8":[1,0],"9":[0,0],"10":[0,0],"11":[0,0],"12":[0,0],"13":[0,0],"14":[0,0]},"_coverageSchema":"332fd63041d2c1bcb487cc26dd0d5f7d97098a6c","hash":"d74731766dcbe91f007fc2c1c958cf4fe6738871","contentHash":"5aed172aaa957a6c670dc86f45fc65e4_10.3.2"}}